<?xml version="1.0" encoding="UTF-8"?>
<coverage generated="1703441593961" clover="3.2.0">
  <project timestamp="1703441593961" name="All files">
    <metrics statements="398" coveredstatements="397" conditionals="114" coveredconditionals="110" methods="71" coveredmethods="70" elements="583" coveredelements="577" complexity="0" loc="398" ncloc="398" packages="5" files="16" classes="16"/>
    <package name="express-jobly">
      <metrics statements="52" coveredstatements="51" conditionals="18" coveredconditionals="16" methods="9" coveredmethods="8"/>
      <file name="app.js" path="/Users/Matt/rithm/exercises/express-jobly/app.js">
        <metrics statements="25" coveredstatements="25" conditionals="2" coveredconditionals="2" methods="2" coveredmethods="2"/>
        <line num="5" count="5" type="stmt"/>
        <line num="6" count="5" type="stmt"/>
        <line num="8" count="5" type="stmt"/>
        <line num="10" count="5" type="stmt"/>
        <line num="11" count="5" type="stmt"/>
        <line num="12" count="5" type="stmt"/>
        <line num="13" count="5" type="stmt"/>
        <line num="14" count="5" type="stmt"/>
        <line num="16" count="5" type="stmt"/>
        <line num="18" count="5" type="stmt"/>
        <line num="20" count="5" type="stmt"/>
        <line num="21" count="5" type="stmt"/>
        <line num="22" count="5" type="stmt"/>
        <line num="23" count="5" type="stmt"/>
        <line num="25" count="5" type="stmt"/>
        <line num="26" count="5" type="stmt"/>
        <line num="27" count="5" type="stmt"/>
        <line num="28" count="5" type="stmt"/>
        <line num="32" count="5" type="stmt"/>
        <line num="33" count="2" type="stmt"/>
        <line num="37" count="5" type="stmt"/>
        <line num="38" count="60" type="cond" truecount="2" falsecount="0"/>
        <line num="41" count="60" type="stmt"/>
        <line num="43" count="60" type="stmt"/>
        <line num="48" count="5" type="stmt"/>
      </file>
      <file name="config.js" path="/Users/Matt/rithm/exercises/express-jobly/config.js">
        <metrics statements="9" coveredstatements="9" conditionals="12" coveredconditionals="12" methods="1" coveredmethods="1"/>
        <line num="5" count="11" type="stmt"/>
        <line num="6" count="11" type="stmt"/>
        <line num="8" count="11" type="cond" truecount="2" falsecount="0"/>
        <line num="10" count="11" type="cond" truecount="2" falsecount="0"/>
        <line num="14" count="12" type="cond" truecount="2" falsecount="0"/>
        <line num="21" count="11" type="cond" truecount="2" falsecount="0"/>
        <line num="23" count="11" type="cond" truecount="2" falsecount="0"/>
        <line num="24" count="1" type="stmt"/>
        <line num="34" count="11" type="stmt"/>
      </file>
      <file name="db.js" path="/Users/Matt/rithm/exercises/express-jobly/db.js">
        <metrics statements="10" coveredstatements="10" conditionals="0" coveredconditionals="0" methods="1" coveredmethods="1"/>
        <line num="5" count="8" type="stmt"/>
        <line num="6" count="8" type="stmt"/>
        <line num="8" count="8" type="stmt"/>
        <line num="10" count="8" type="stmt"/>
        <line num="16" count="8" type="stmt"/>
        <line num="17" count="8" type="stmt"/>
        <line num="18" count="8" type="stmt"/>
        <line num="19" count="8" type="stmt"/>
        <line num="25" count="8" type="stmt"/>
        <line num="27" count="8" type="stmt"/>
      </file>
      <file name="expressError.js" path="/Users/Matt/rithm/exercises/express-jobly/expressError.js">
        <metrics statements="8" coveredstatements="7" conditionals="4" coveredconditionals="2" methods="5" coveredmethods="4"/>
        <line num="11" count="86" type="stmt"/>
        <line num="12" count="86" type="stmt"/>
        <line num="13" count="86" type="stmt"/>
        <line num="21" count="20" type="stmt"/>
        <line num="29" count="32" type="stmt"/>
        <line num="37" count="34" type="stmt"/>
        <line num="45" count="0" type="stmt"/>
        <line num="49" count="10" type="stmt"/>
      </file>
    </package>
    <package name="express-jobly.helpers">
      <metrics statements="12" coveredstatements="12" conditionals="4" coveredconditionals="4" methods="3" coveredmethods="3"/>
      <file name="sql.js" path="/Users/Matt/rithm/exercises/express-jobly/helpers/sql.js">
        <metrics statements="7" coveredstatements="7" conditionals="4" coveredconditionals="4" methods="2" coveredmethods="2"/>
        <line num="3" count="9" type="stmt"/>
        <line num="28" count="23" type="stmt"/>
        <line num="29" count="23" type="cond" truecount="2" falsecount="0"/>
        <line num="32" count="19" type="stmt"/>
        <line num="33" count="41" type="cond" truecount="2" falsecount="0"/>
        <line num="36" count="19" type="stmt"/>
        <line num="45" count="9" type="stmt"/>
      </file>
      <file name="tokens.js" path="/Users/Matt/rithm/exercises/express-jobly/helpers/tokens.js">
        <metrics statements="5" coveredstatements="5" conditionals="0" coveredconditionals="0" methods="1" coveredmethods="1"/>
        <line num="3" count="6" type="stmt"/>
        <line num="4" count="6" type="stmt"/>
        <line num="9" count="15" type="stmt"/>
        <line num="14" count="15" type="stmt"/>
        <line num="17" count="6" type="stmt"/>
      </file>
    </package>
    <package name="express-jobly.middleware">
      <metrics statements="19" coveredstatements="19" conditionals="10" coveredconditionals="10" methods="4" coveredmethods="4"/>
      <file name="auth.js" path="/Users/Matt/rithm/exercises/express-jobly/middleware/auth.js">
        <metrics statements="19" coveredstatements="19" conditionals="10" coveredconditionals="10" methods="4" coveredmethods="4"/>
        <line num="5" count="6" type="stmt"/>
        <line num="6" count="6" type="stmt"/>
        <line num="7" count="6" type="stmt"/>
        <line num="19" count="100" type="stmt"/>
        <line num="20" count="100" type="cond" truecount="2" falsecount="0"/>
        <line num="21" count="50" type="stmt"/>
        <line num="23" count="50" type="stmt"/>
        <line num="24" count="50" type="stmt"/>
        <line num="29" count="100" type="stmt"/>
        <line num="39" count="62" type="cond" truecount="2" falsecount="0"/>
        <line num="40" count="13" type="stmt"/>
        <line num="50" count="38" type="cond" truecount="2" falsecount="0"/>
        <line num="51" count="12" type="stmt"/>
        <line num="57" count="17" type="stmt"/>
        <line num="59" count="17" type="stmt"/>
        <line num="60" count="17" type="stmt"/>
        <line num="62" count="17" type="cond" truecount="4" falsecount="0"/>
        <line num="63" count="3" type="stmt"/>
        <line num="66" count="6" type="stmt"/>
      </file>
    </package>
    <package name="express-jobly.models">
      <metrics statements="141" coveredstatements="141" conditionals="52" coveredconditionals="50" methods="24" coveredmethods="24"/>
      <file name="_testCommon.js" path="/Users/Matt/rithm/exercises/express-jobly/models/_testCommon.js">
        <metrics statements="13" coveredstatements="13" conditionals="0" coveredconditionals="0" methods="4" coveredmethods="4"/>
        <line num="3" count="3" type="stmt"/>
        <line num="5" count="3" type="stmt"/>
        <line num="6" count="3" type="stmt"/>
        <line num="10" count="3" type="stmt"/>
        <line num="12" count="3" type="stmt"/>
        <line num="14" count="3" type="stmt"/>
        <line num="16" count="3" type="stmt"/>
        <line num="22" count="3" type="stmt"/>
        <line num="35" count="3" type="stmt"/>
        <line num="43" count="50" type="stmt"/>
        <line num="47" count="50" type="stmt"/>
        <line num="51" count="3" type="stmt"/>
        <line num="55" count="3" type="stmt"/>
      </file>
      <file name="company.js" path="/Users/Matt/rithm/exercises/express-jobly/models/company.js">
        <metrics statements="42" coveredstatements="42" conditionals="18" coveredconditionals="17" methods="7" coveredmethods="7"/>
        <line num="3" count="6" type="stmt"/>
        <line num="4" count="6" type="stmt"/>
        <line num="5" count="6" type="stmt"/>
        <line num="7" count="6" type="stmt"/>
        <line num="26" count="16" type="stmt"/>
        <line num="31" count="16" type="cond" truecount="2" falsecount="0"/>
        <line num="32" count="1" type="stmt"/>
        <line num="34" count="15" type="stmt"/>
        <line num="54" count="15" type="stmt"/>
        <line num="56" count="15" type="stmt"/>
        <line num="76" count="12" type="stmt"/>
        <line num="78" count="11" type="stmt"/>
        <line num="88" count="11" type="stmt"/>
        <line num="99" count="5" type="stmt"/>
        <line num="108" count="5" type="stmt"/>
        <line num="110" count="5" type="cond" truecount="2" falsecount="0"/>
        <line num="112" count="3" type="stmt"/>
        <line num="120" count="3" type="stmt"/>
        <line num="122" count="3" type="stmt"/>
        <line num="123" count="3" type="stmt"/>
        <line num="139" count="6" type="stmt"/>
        <line num="145" count="5" type="stmt"/>
        <line num="147" count="5" type="stmt"/>
        <line num="157" count="5" type="stmt"/>
        <line num="158" count="5" type="stmt"/>
        <line num="160" count="5" type="cond" truecount="2" falsecount="0"/>
        <line num="162" count="3" type="stmt"/>
        <line num="171" count="4" type="stmt"/>
        <line num="176" count="4" type="stmt"/>
        <line num="178" count="4" type="cond" truecount="2" falsecount="0"/>
        <line num="195" count="17" type="cond" truecount="2" falsecount="0"/>
        <line num="197" count="17" type="cond" truecount="2" falsecount="0"/>
        <line num="198" count="3" type="stmt"/>
        <line num="204" count="14" type="cond" truecount="2" falsecount="0"/>
        <line num="205" count="2" type="stmt"/>
        <line num="208" count="12" type="stmt"/>
        <line num="209" count="22" type="cond" truecount="1" falsecount="1"/>
        <line num="210" count="22" type="cond" truecount="2" falsecount="0"/>
        <line num="211" count="8" type="stmt"/>
        <line num="213" count="14" type="stmt"/>
        <line num="218" count="12" type="stmt"/>
        <line num="226" count="6" type="stmt"/>
      </file>
      <file name="job.js" path="/Users/Matt/rithm/exercises/express-jobly/models/job.js">
        <metrics statements="46" coveredstatements="46" conditionals="20" coveredconditionals="19" methods="7" coveredmethods="7"/>
        <line num="3" count="6" type="stmt"/>
        <line num="4" count="6" type="stmt"/>
        <line num="5" count="6" type="stmt"/>
        <line num="7" count="6" type="stmt"/>
        <line num="13" count="6" type="stmt"/>
        <line num="29" count="19" type="stmt"/>
        <line num="34" count="19" type="cond" truecount="2" falsecount="0"/>
        <line num="35" count="1" type="stmt"/>
        <line num="37" count="18" type="stmt"/>
        <line num="55" count="18" type="stmt"/>
        <line num="57" count="18" type="stmt"/>
        <line num="69" count="14" type="stmt"/>
        <line num="80" count="14" type="stmt"/>
        <line num="91" count="14" type="stmt"/>
        <line num="104" count="4" type="stmt"/>
        <line num="113" count="4" type="stmt"/>
        <line num="115" count="4" type="cond" truecount="2" falsecount="0"/>
        <line num="117" count="2" type="stmt"/>
        <line num="133" count="6" type="stmt"/>
        <line num="138" count="5" type="stmt"/>
        <line num="140" count="5" type="stmt"/>
        <line num="150" count="5" type="stmt"/>
        <line num="151" count="5" type="stmt"/>
        <line num="153" count="5" type="cond" truecount="2" falsecount="0"/>
        <line num="155" count="3" type="stmt"/>
        <line num="164" count="4" type="stmt"/>
        <line num="169" count="4" type="stmt"/>
        <line num="171" count="4" type="cond" truecount="2" falsecount="0"/>
        <line num="188" count="19" type="cond" truecount="2" falsecount="0"/>
        <line num="190" count="19" type="cond" truecount="2" falsecount="0"/>
        <line num="191" count="8" type="stmt"/>
        <line num="197" count="11" type="stmt"/>
        <line num="198" count="11" type="stmt"/>
        <line num="199" count="18" type="cond" truecount="1" falsecount="1"/>
        <line num="200" count="18" type="cond" truecount="2" falsecount="0"/>
        <line num="201" count="6" type="stmt"/>
        <line num="202" count="6" type="stmt"/>
        <line num="204" count="12" type="cond" truecount="2" falsecount="0"/>
        <line num="205" count="6" type="cond" truecount="2" falsecount="0"/>
        <line num="206" count="5" type="stmt"/>
        <line num="207" count="5" type="stmt"/>
        <line num="209" count="1" type="stmt"/>
        <line num="212" count="6" type="stmt"/>
        <line num="213" count="6" type="stmt"/>
        <line num="218" count="10" type="stmt"/>
        <line num="225" count="6" type="stmt"/>
      </file>
      <file name="user.js" path="/Users/Matt/rithm/exercises/express-jobly/models/user.js">
        <metrics statements="40" coveredstatements="40" conditionals="14" coveredconditionals="14" methods="6" coveredmethods="6"/>
        <line num="3" count="6" type="stmt"/>
        <line num="4" count="6" type="stmt"/>
        <line num="5" count="6" type="stmt"/>
        <line num="10" count="6" type="stmt"/>
        <line num="12" count="6" type="stmt"/>
        <line num="26" count="7" type="stmt"/>
        <line num="37" count="7" type="stmt"/>
        <line num="39" count="7" type="cond" truecount="2" falsecount="0"/>
        <line num="41" count="4" type="stmt"/>
        <line num="42" count="4" type="cond" truecount="2" falsecount="0"/>
        <line num="43" count="3" type="stmt"/>
        <line num="44" count="3" type="stmt"/>
        <line num="48" count="4" type="stmt"/>
        <line num="60" count="20" type="stmt"/>
        <line num="66" count="20" type="cond" truecount="2" falsecount="0"/>
        <line num="67" count="2" type="stmt"/>
        <line num="70" count="18" type="stmt"/>
        <line num="72" count="18" type="stmt"/>
        <line num="96" count="18" type="stmt"/>
        <line num="98" count="18" type="stmt"/>
        <line num="107" count="2" type="stmt"/>
        <line num="117" count="2" type="stmt"/>
        <line num="129" count="5" type="stmt"/>
        <line num="139" count="5" type="stmt"/>
        <line num="141" count="5" type="cond" truecount="2" falsecount="0"/>
        <line num="143" count="3" type="stmt"/>
        <line num="164" count="8" type="cond" truecount="2" falsecount="0"/>
        <line num="165" count="2" type="stmt"/>
        <line num="168" count="8" type="stmt"/>
        <line num="175" count="7" type="stmt"/>
        <line num="177" count="7" type="stmt"/>
        <line num="186" count="7" type="stmt"/>
        <line num="187" count="7" type="stmt"/>
        <line num="189" count="7" type="cond" truecount="2" falsecount="0"/>
        <line num="191" count="5" type="stmt"/>
        <line num="192" count="5" type="stmt"/>
        <line num="198" count="5" type="stmt"/>
        <line num="204" count="5" type="stmt"/>
        <line num="206" count="5" type="cond" truecount="2" falsecount="0"/>
        <line num="211" count="6" type="stmt"/>
      </file>
    </package>
    <package name="express-jobly.routes">
      <metrics statements="174" coveredstatements="174" conditionals="30" coveredconditionals="30" methods="31" coveredmethods="31"/>
      <file name="_testCommon.js" path="/Users/Matt/rithm/exercises/express-jobly/routes/_testCommon.js">
        <metrics statements="28" coveredstatements="28" conditionals="0" coveredconditionals="0" methods="4" coveredmethods="4"/>
        <line num="3" count="4" type="stmt"/>
        <line num="4" count="4" type="stmt"/>
        <line num="5" count="4" type="stmt"/>
        <line num="6" count="4" type="stmt"/>
        <line num="7" count="4" type="stmt"/>
        <line num="9" count="4" type="stmt"/>
        <line num="13" count="4" type="stmt"/>
        <line num="15" count="4" type="stmt"/>
        <line num="17" count="4" type="stmt"/>
        <line num="25" count="4" type="stmt"/>
        <line num="33" count="4" type="stmt"/>
        <line num="42" count="4" type="stmt"/>
        <line num="50" count="4" type="stmt"/>
        <line num="58" count="4" type="stmt"/>
        <line num="67" count="4" type="stmt"/>
        <line num="74" count="4" type="stmt"/>
        <line num="76" count="4" type="stmt"/>
        <line num="83" count="4" type="stmt"/>
        <line num="85" count="4" type="stmt"/>
        <line num="92" count="4" type="stmt"/>
        <line num="94" count="4" type="stmt"/>
        <line num="100" count="4" type="stmt"/>
        <line num="104" count="95" type="stmt"/>
        <line num="108" count="95" type="stmt"/>
        <line num="112" count="4" type="stmt"/>
        <line num="116" count="4" type="stmt"/>
        <line num="117" count="4" type="stmt"/>
        <line num="120" count="4" type="stmt"/>
      </file>
      <file name="auth.js" path="/Users/Matt/rithm/exercises/express-jobly/routes/auth.js">
        <metrics statements="26" coveredstatements="26" conditionals="4" coveredconditionals="4" methods="4" coveredmethods="4"/>
        <line num="5" count="5" type="stmt"/>
        <line num="7" count="5" type="stmt"/>
        <line num="8" count="5" type="stmt"/>
        <line num="9" count="5" type="stmt"/>
        <line num="10" count="5" type="stmt"/>
        <line num="11" count="5" type="stmt"/>
        <line num="12" count="5" type="stmt"/>
        <line num="13" count="5" type="stmt"/>
        <line num="22" count="5" type="stmt"/>
        <line num="23" count="5" type="stmt"/>
        <line num="28" count="5" type="cond" truecount="2" falsecount="0"/>
        <line num="29" count="2" type="stmt"/>
        <line num="30" count="2" type="stmt"/>
        <line num="33" count="3" type="stmt"/>
        <line num="34" count="3" type="stmt"/>
        <line num="35" count="1" type="stmt"/>
        <line num="36" count="1" type="stmt"/>
        <line num="49" count="5" type="stmt"/>
        <line num="50" count="3" type="stmt"/>
        <line num="55" count="3" type="cond" truecount="2" falsecount="0"/>
        <line num="56" count="5" type="stmt"/>
        <line num="57" count="2" type="stmt"/>
        <line num="60" count="1" type="stmt"/>
        <line num="61" count="1" type="stmt"/>
        <line num="62" count="1" type="stmt"/>
        <line num="66" count="5" type="stmt"/>
      </file>
      <file name="companies.js" path="/Users/Matt/rithm/exercises/express-jobly/routes/companies.js">
        <metrics statements="42" coveredstatements="42" conditionals="10" coveredconditionals="10" methods="8" coveredmethods="8"/>
        <line num="5" count="5" type="stmt"/>
        <line num="6" count="5" type="stmt"/>
        <line num="8" count="5" type="stmt"/>
        <line num="9" count="5" type="stmt"/>
        <line num="10" count="5" type="stmt"/>
        <line num="12" count="5" type="stmt"/>
        <line num="13" count="5" type="stmt"/>
        <line num="14" count="5" type="stmt"/>
        <line num="16" count="5" type="stmt"/>
        <line num="28" count="5" type="stmt"/>
        <line num="29" count="3" type="stmt"/>
        <line num="34" count="3" type="cond" truecount="2" falsecount="0"/>
        <line num="35" count="3" type="stmt"/>
        <line num="36" count="2" type="stmt"/>
        <line num="39" count="1" type="stmt"/>
        <line num="40" count="1" type="stmt"/>
        <line num="55" count="5" type="stmt"/>
        <line num="57" count="11" type="stmt"/>
        <line num="59" count="11" type="cond" truecount="2" falsecount="0"/>
        <line num="60" count="5" type="stmt"/>
        <line num="62" count="11" type="cond" truecount="2" falsecount="0"/>
        <line num="63" count="5" type="stmt"/>
        <line num="66" count="11" type="stmt"/>
        <line num="72" count="11" type="cond" truecount="2" falsecount="0"/>
        <line num="73" count="3" type="stmt"/>
        <line num="74" count="3" type="stmt"/>
        <line num="77" count="8" type="stmt"/>
        <line num="79" count="8" type="stmt"/>
        <line num="91" count="5" type="stmt"/>
        <line num="92" count="3" type="stmt"/>
        <line num="93" count="2" type="stmt"/>
        <line num="109" count="5" type="stmt"/>
        <line num="110" count="4" type="stmt"/>
        <line num="115" count="4" type="cond" truecount="2" falsecount="0"/>
        <line num="116" count="2" type="stmt"/>
        <line num="117" count="2" type="stmt"/>
        <line num="120" count="2" type="stmt"/>
        <line num="121" count="1" type="stmt"/>
        <line num="130" count="5" type="stmt"/>
        <line num="135" count="2" type="stmt"/>
        <line num="136" count="1" type="stmt"/>
        <line num="140" count="5" type="stmt"/>
      </file>
      <file name="jobs.js" path="/Users/Matt/rithm/exercises/express-jobly/routes/jobs.js">
        <metrics statements="44" coveredstatements="44" conditionals="12" coveredconditionals="12" methods="8" coveredmethods="8"/>
        <line num="5" count="5" type="stmt"/>
        <line num="6" count="5" type="stmt"/>
        <line num="8" count="5" type="stmt"/>
        <line num="9" count="5" type="stmt"/>
        <line num="10" count="5" type="stmt"/>
        <line num="12" count="5" type="stmt"/>
        <line num="13" count="5" type="stmt"/>
        <line num="14" count="5" type="stmt"/>
        <line num="16" count="5" type="stmt"/>
        <line num="29" count="5" type="stmt"/>
        <line num="30" count="3" type="stmt"/>
        <line num="35" count="3" type="cond" truecount="2" falsecount="0"/>
        <line num="36" count="3" type="stmt"/>
        <line num="37" count="2" type="stmt"/>
        <line num="40" count="1" type="stmt"/>
        <line num="41" count="1" type="stmt"/>
        <line num="56" count="5" type="stmt"/>
        <line num="57" count="12" type="stmt"/>
        <line num="59" count="12" type="cond" truecount="2" falsecount="0"/>
        <line num="60" count="5" type="stmt"/>
        <line num="62" count="12" type="cond" truecount="2" falsecount="0"/>
        <line num="63" count="3" type="stmt"/>
        <line num="66" count="12" type="cond" truecount="2" falsecount="0"/>
        <line num="67" count="1" type="stmt"/>
        <line num="70" count="12" type="stmt"/>
        <line num="76" count="12" type="cond" truecount="2" falsecount="0"/>
        <line num="77" count="4" type="stmt"/>
        <line num="78" count="4" type="stmt"/>
        <line num="81" count="8" type="stmt"/>
        <line num="83" count="8" type="stmt"/>
        <line num="94" count="5" type="stmt"/>
        <line num="95" count="2" type="stmt"/>
        <line num="96" count="1" type="stmt"/>
        <line num="111" count="5" type="stmt"/>
        <line num="112" count="5" type="stmt"/>
        <line num="117" count="5" type="cond" truecount="2" falsecount="0"/>
        <line num="118" count="3" type="stmt"/>
        <line num="119" count="3" type="stmt"/>
        <line num="122" count="2" type="stmt"/>
        <line num="123" count="1" type="stmt"/>
        <line num="131" count="5" type="stmt"/>
        <line num="136" count="2" type="stmt"/>
        <line num="137" count="1" type="stmt"/>
        <line num="141" count="5" type="stmt"/>
      </file>
      <file name="users.js" path="/Users/Matt/rithm/exercises/express-jobly/routes/users.js">
        <metrics statements="34" coveredstatements="34" conditionals="4" coveredconditionals="4" methods="7" coveredmethods="7"/>
        <line num="5" count="5" type="stmt"/>
        <line num="7" count="5" type="stmt"/>
        <line num="13" count="5" type="stmt"/>
        <line num="14" count="5" type="stmt"/>
        <line num="15" count="5" type="stmt"/>
        <line num="16" count="5" type="stmt"/>
        <line num="17" count="5" type="stmt"/>
        <line num="18" count="5" type="stmt"/>
        <line num="20" count="5" type="stmt"/>
        <line num="35" count="5" type="stmt"/>
        <line num="36" count="5" type="stmt"/>
        <line num="41" count="5" type="cond" truecount="2" falsecount="0"/>
        <line num="42" count="5" type="stmt"/>
        <line num="43" count="2" type="stmt"/>
        <line num="46" count="3" type="stmt"/>
        <line num="47" count="2" type="stmt"/>
        <line num="48" count="2" type="stmt"/>
        <line num="59" count="5" type="stmt"/>
        <line num="60" count="1" type="stmt"/>
        <line num="61" count="1" type="stmt"/>
        <line num="72" count="5" type="stmt"/>
        <line num="77" count="3" type="stmt"/>
        <line num="78" count="2" type="stmt"/>
        <line num="92" count="5" type="stmt"/>
        <line num="97" count="6" type="stmt"/>
        <line num="102" count="6" type="cond" truecount="2" falsecount="0"/>
        <line num="103" count="2" type="stmt"/>
        <line num="104" count="2" type="stmt"/>
        <line num="107" count="4" type="stmt"/>
        <line num="108" count="3" type="stmt"/>
        <line num="117" count="5" type="stmt"/>
        <line num="122" count="3" type="stmt"/>
        <line num="123" count="2" type="stmt"/>
        <line num="127" count="5" type="stmt"/>
      </file>
    </package>
  </project>
</coverage>
