{"/home/jjin/rithm/assessment/express-jobly/app.js": {"path":"/home/jjin/rithm/assessment/express-jobly/app.js","statementMap":{"0":{"start":{"line":5,"column":16},"end":{"line":5,"column":34}},"1":{"start":{"line":6,"column":13},"end":{"line":6,"column":28}},"2":{"start":{"line":8,"column":26},"end":{"line":8,"column":51}},"3":{"start":{"line":10,"column":28},"end":{"line":10,"column":56}},"4":{"start":{"line":11,"column":19},"end":{"line":11,"column":43}},"5":{"start":{"line":12,"column":24},"end":{"line":12,"column":53}},"6":{"start":{"line":13,"column":20},"end":{"line":13,"column":45}},"7":{"start":{"line":14,"column":19},"end":{"line":14,"column":43}},"8":{"start":{"line":16,"column":15},"end":{"line":16,"column":32}},"9":{"start":{"line":18,"column":12},"end":{"line":18,"column":21}},"10":{"start":{"line":20,"column":0},"end":{"line":20,"column":16}},"11":{"start":{"line":21,"column":0},"end":{"line":21,"column":24}},"12":{"start":{"line":22,"column":0},"end":{"line":22,"column":24}},"13":{"start":{"line":23,"column":0},"end":{"line":23,"column":25}},"14":{"start":{"line":25,"column":0},"end":{"line":25,"column":29}},"15":{"start":{"line":26,"column":0},"end":{"line":26,"column":39}},"16":{"start":{"line":27,"column":0},"end":{"line":27,"column":31}},"17":{"start":{"line":28,"column":0},"end":{"line":28,"column":29}},"18":{"start":{"line":32,"column":0},"end":{"line":34,"column":3}},"19":{"start":{"line":33,"column":2},"end":{"line":33,"column":28}},"20":{"start":{"line":37,"column":0},"end":{"line":46,"column":3}},"21":{"start":{"line":38,"column":2},"end":{"line":38,"column":64}},"22":{"start":{"line":38,"column":39},"end":{"line":38,"column":64}},"23":{"start":{"line":41,"column":18},"end":{"line":41,"column":29}},"24":{"start":{"line":43,"column":2},"end":{"line":45,"column":5}},"25":{"start":{"line":48,"column":0},"end":{"line":48,"column":21}}},"fnMap":{"0":{"name":"(anonymous_0)","decl":{"start":{"line":32,"column":8},"end":{"line":32,"column":9}},"loc":{"start":{"line":32,"column":34},"end":{"line":34,"column":1}},"line":32},"1":{"name":"(anonymous_1)","decl":{"start":{"line":37,"column":8},"end":{"line":37,"column":9}},"loc":{"start":{"line":37,"column":39},"end":{"line":46,"column":1}},"line":37}},"branchMap":{"0":{"loc":{"start":{"line":38,"column":2},"end":{"line":38,"column":64}},"type":"if","locations":[{"start":{"line":38,"column":2},"end":{"line":38,"column":64}},{"start":{},"end":{}}],"line":38}},"s":{"0":5,"1":5,"2":5,"3":5,"4":5,"5":5,"6":5,"7":5,"8":5,"9":5,"10":5,"11":5,"12":5,"13":5,"14":5,"15":5,"16":5,"17":5,"18":5,"19":2,"20":5,"21":60,"22":1,"23":60,"24":60,"25":5},"f":{"0":2,"1":60},"b":{"0":[1,59]},"_coverageSchema":"1a1c01bbd47fc00a2c39e90264f33305004495a9","hash":"1c1f8ae844efe152b6118d7cf07e37e9b5e518ef"}
,"/home/jjin/rithm/assessment/express-jobly/config.js": {"path":"/home/jjin/rithm/assessment/express-jobly/config.js","statementMap":{"0":{"start":{"line":5,"column":0},"end":{"line":5,"column":27}},"1":{"start":{"line":6,"column":0},"end":{"line":6,"column":18}},"2":{"start":{"line":8,"column":19},"end":{"line":8,"column":57}},"3":{"start":{"line":10,"column":13},"end":{"line":10,"column":38}},"4":{"start":{"line":14,"column":2},"end":{"line":16,"column":58}},"5":{"start":{"line":21,"column":27},"end":{"line":21,"column":67}},"6":{"start":{"line":23,"column":0},"end":{"line":32,"column":1}},"7":{"start":{"line":24,"column":2},"end":{"line":31,"column":6}},"8":{"start":{"line":34,"column":0},"end":{"line":39,"column":2}}},"fnMap":{"0":{"name":"getDatabaseUri","decl":{"start":{"line":13,"column":9},"end":{"line":13,"column":23}},"loc":{"start":{"line":13,"column":26},"end":{"line":17,"column":1}},"line":13}},"branchMap":{"0":{"loc":{"start":{"line":8,"column":19},"end":{"line":8,"column":57}},"type":"binary-expr","locations":[{"start":{"line":8,"column":19},"end":{"line":8,"column":41}},{"start":{"line":8,"column":45},"end":{"line":8,"column":57}}],"line":8},"1":{"loc":{"start":{"line":10,"column":13},"end":{"line":10,"column":38}},"type":"binary-expr","locations":[{"start":{"line":10,"column":13},"end":{"line":10,"column":30}},{"start":{"line":10,"column":34},"end":{"line":10,"column":38}}],"line":10},"2":{"loc":{"start":{"line":14,"column":9},"end":{"line":16,"column":57}},"type":"cond-expr","locations":[{"start":{"line":15,"column":8},"end":{"line":15,"column":34}},{"start":{"line":16,"column":8},"end":{"line":16,"column":57}}],"line":14},"3":{"loc":{"start":{"line":16,"column":8},"end":{"line":16,"column":57}},"type":"binary-expr","locations":[{"start":{"line":16,"column":8},"end":{"line":16,"column":32}},{"start":{"line":16,"column":36},"end":{"line":16,"column":57}}],"line":16},"4":{"loc":{"start":{"line":21,"column":27},"end":{"line":21,"column":67}},"type":"cond-expr","locations":[{"start":{"line":21,"column":61},"end":{"line":21,"column":62}},{"start":{"line":21,"column":65},"end":{"line":21,"column":67}}],"line":21},"5":{"loc":{"start":{"line":23,"column":0},"end":{"line":32,"column":1}},"type":"if","locations":[{"start":{"line":23,"column":0},"end":{"line":32,"column":1}},{"start":{},"end":{}}],"line":23}},"s":{"0":11,"1":11,"2":11,"3":11,"4":12,"5":11,"6":11,"7":1,"8":11},"f":{"0":12},"b":{"0":[11,10],"1":[11,10],"2":[9,3],"3":[3,1],"4":[10,1],"5":[1,10]},"_coverageSchema":"1a1c01bbd47fc00a2c39e90264f33305004495a9","hash":"0f159753110b8296ef7265e251259182afe00b98"}
,"/home/jjin/rithm/assessment/express-jobly/db.js": {"path":"/home/jjin/rithm/assessment/express-jobly/db.js","statementMap":{"0":{"start":{"line":5,"column":19},"end":{"line":5,"column":32}},"1":{"start":{"line":6,"column":27},"end":{"line":6,"column":46}},"2":{"start":{"line":8,"column":20},"end":{"line":8,"column":36}},"3":{"start":{"line":10,"column":11},"end":{"line":12,"column":2}},"4":{"start":{"line":16,"column":25},"end":{"line":16,"column":43}},"5":{"start":{"line":17,"column":2},"end":{"line":23,"column":3}},"6":{"start":{"line":18,"column":4},"end":{"line":18,"column":23}},"7":{"start":{"line":19,"column":4},"end":{"line":19,"column":39}},"8":{"start":{"line":25,"column":0},"end":{"line":25,"column":12}},"9":{"start":{"line":27,"column":0},"end":{"line":27,"column":20}}},"fnMap":{"0":{"name":"connectDb","decl":{"start":{"line":14,"column":15},"end":{"line":14,"column":24}},"loc":{"start":{"line":14,"column":27},"end":{"line":24,"column":1}},"line":14}},"branchMap":{},"s":{"0":8,"1":8,"2":8,"3":8,"4":8,"5":8,"6":8,"7":8,"8":8,"9":8},"f":{"0":8},"b":{},"_coverageSchema":"1a1c01bbd47fc00a2c39e90264f33305004495a9","hash":"c4a77dc8c0b2c9c9ec5e969368a07adef49d0bac"}
,"/home/jjin/rithm/assessment/express-jobly/expressError.js": {"path":"/home/jjin/rithm/assessment/express-jobly/expressError.js","statementMap":{"0":{"start":{"line":11,"column":4},"end":{"line":11,"column":12}},"1":{"start":{"line":12,"column":4},"end":{"line":12,"column":27}},"2":{"start":{"line":13,"column":4},"end":{"line":13,"column":25}},"3":{"start":{"line":21,"column":4},"end":{"line":21,"column":24}},"4":{"start":{"line":29,"column":4},"end":{"line":29,"column":24}},"5":{"start":{"line":37,"column":4},"end":{"line":37,"column":24}},"6":{"start":{"line":45,"column":4},"end":{"line":45,"column":24}},"7":{"start":{"line":49,"column":0},"end":{"line":55,"column":2}}},"fnMap":{"0":{"name":"(anonymous_0)","decl":{"start":{"line":10,"column":2},"end":{"line":10,"column":3}},"loc":{"start":{"line":10,"column":31},"end":{"line":14,"column":3}},"line":10},"1":{"name":"(anonymous_1)","decl":{"start":{"line":20,"column":2},"end":{"line":20,"column":3}},"loc":{"start":{"line":20,"column":37},"end":{"line":22,"column":3}},"line":20},"2":{"name":"(anonymous_2)","decl":{"start":{"line":28,"column":2},"end":{"line":28,"column":3}},"loc":{"start":{"line":28,"column":40},"end":{"line":30,"column":3}},"line":28},"3":{"name":"(anonymous_3)","decl":{"start":{"line":36,"column":2},"end":{"line":36,"column":3}},"loc":{"start":{"line":36,"column":39},"end":{"line":38,"column":3}},"line":36},"4":{"name":"(anonymous_4)","decl":{"start":{"line":44,"column":2},"end":{"line":44,"column":3}},"loc":{"start":{"line":44,"column":37},"end":{"line":46,"column":3}},"line":44}},"branchMap":{"0":{"loc":{"start":{"line":20,"column":14},"end":{"line":20,"column":35}},"type":"default-arg","locations":[{"start":{"line":20,"column":24},"end":{"line":20,"column":35}}],"line":20},"1":{"loc":{"start":{"line":28,"column":14},"end":{"line":28,"column":38}},"type":"default-arg","locations":[{"start":{"line":28,"column":24},"end":{"line":28,"column":38}}],"line":28},"2":{"loc":{"start":{"line":36,"column":14},"end":{"line":36,"column":37}},"type":"default-arg","locations":[{"start":{"line":36,"column":24},"end":{"line":36,"column":37}}],"line":36},"3":{"loc":{"start":{"line":44,"column":14},"end":{"line":44,"column":35}},"type":"default-arg","locations":[{"start":{"line":44,"column":24},"end":{"line":44,"column":35}}],"line":44}},"s":{"0":86,"1":86,"2":86,"3":20,"4":32,"5":34,"6":0,"7":10},"f":{"0":86,"1":20,"2":32,"3":34,"4":0},"b":{"0":[2],"1":[28],"2":[0],"3":[0]},"_coverageSchema":"1a1c01bbd47fc00a2c39e90264f33305004495a9","hash":"e5a83d0f92c4fd910798dcccaaaecfd95ea815b6"}
,"/home/jjin/rithm/assessment/express-jobly/helpers/sql.js": {"path":"/home/jjin/rithm/assessment/express-jobly/helpers/sql.js","statementMap":{"0":{"start":{"line":3,"column":28},"end":{"line":3,"column":54}},"1":{"start":{"line":28,"column":15},"end":{"line":28,"column":40}},"2":{"start":{"line":29,"column":2},"end":{"line":29,"column":62}},"3":{"start":{"line":29,"column":25},"end":{"line":29,"column":62}},"4":{"start":{"line":32,"column":15},"end":{"line":34,"column":3}},"5":{"start":{"line":33,"column":4},"end":{"line":33,"column":50}},"6":{"start":{"line":36,"column":2},"end":{"line":39,"column":4}},"7":{"start":{"line":45,"column":0},"end":{"line":47,"column":2}}},"fnMap":{"0":{"name":"sqlForPartialUpdate","decl":{"start":{"line":27,"column":9},"end":{"line":27,"column":28}},"loc":{"start":{"line":27,"column":52},"end":{"line":40,"column":1}},"line":27},"1":{"name":"(anonymous_1)","decl":{"start":{"line":32,"column":24},"end":{"line":32,"column":25}},"loc":{"start":{"line":33,"column":4},"end":{"line":33,"column":50}},"line":33}},"branchMap":{"0":{"loc":{"start":{"line":29,"column":2},"end":{"line":29,"column":62}},"type":"if","locations":[{"start":{"line":29,"column":2},"end":{"line":29,"column":62}},{"start":{},"end":{}}],"line":29},"1":{"loc":{"start":{"line":33,"column":8},"end":{"line":33,"column":35}},"type":"binary-expr","locations":[{"start":{"line":33,"column":8},"end":{"line":33,"column":24}},{"start":{"line":33,"column":28},"end":{"line":33,"column":35}}],"line":33}},"s":{"0":9,"1":23,"2":23,"3":4,"4":19,"5":41,"6":19,"7":9},"f":{"0":23,"1":41},"b":{"0":[4,19],"1":[41,25]},"_coverageSchema":"1a1c01bbd47fc00a2c39e90264f33305004495a9","hash":"b7e54eb2712a61c38285ac18bf4eeafa2ce99420"}
,"/home/jjin/rithm/assessment/express-jobly/helpers/tokens.js": {"path":"/home/jjin/rithm/assessment/express-jobly/helpers/tokens.js","statementMap":{"0":{"start":{"line":3,"column":12},"end":{"line":3,"column":35}},"1":{"start":{"line":4,"column":23},"end":{"line":4,"column":43}},"2":{"start":{"line":9,"column":16},"end":{"line":12,"column":3}},"3":{"start":{"line":14,"column":2},"end":{"line":14,"column":39}},"4":{"start":{"line":17,"column":0},"end":{"line":17,"column":33}}},"fnMap":{"0":{"name":"createToken","decl":{"start":{"line":8,"column":9},"end":{"line":8,"column":20}},"loc":{"start":{"line":8,"column":27},"end":{"line":15,"column":1}},"line":8}},"branchMap":{},"s":{"0":6,"1":6,"2":15,"3":15,"4":6},"f":{"0":15},"b":{},"_coverageSchema":"1a1c01bbd47fc00a2c39e90264f33305004495a9","hash":"c6872208fbc7578f3c5605549dbdcc266073470d"}
,"/home/jjin/rithm/assessment/express-jobly/middleware/auth.js": {"path":"/home/jjin/rithm/assessment/express-jobly/middleware/auth.js","statementMap":{"0":{"start":{"line":5,"column":12},"end":{"line":5,"column":35}},"1":{"start":{"line":6,"column":23},"end":{"line":6,"column":43}},"2":{"start":{"line":7,"column":30},"end":{"line":7,"column":56}},"3":{"start":{"line":19,"column":21},"end":{"line":19,"column":47}},"4":{"start":{"line":20,"column":2},"end":{"line":28,"column":3}},"5":{"start":{"line":21,"column":18},"end":{"line":21,"column":62}},"6":{"start":{"line":23,"column":4},"end":{"line":27,"column":5}},"7":{"start":{"line":24,"column":6},"end":{"line":24,"column":54}},"8":{"start":{"line":29,"column":2},"end":{"line":29,"column":16}},"9":{"start":{"line":39,"column":2},"end":{"line":39,"column":47}},"10":{"start":{"line":39,"column":33},"end":{"line":39,"column":47}},"11":{"start":{"line":40,"column":2},"end":{"line":40,"column":32}},"12":{"start":{"line":50,"column":2},"end":{"line":50,"column":55}},"13":{"start":{"line":50,"column":41},"end":{"line":50,"column":55}},"14":{"start":{"line":51,"column":2},"end":{"line":51,"column":32}},"15":{"start":{"line":57,"column":17},"end":{"line":57,"column":27}},"16":{"start":{"line":59,"column":32},"end":{"line":59,"column":77}},"17":{"start":{"line":60,"column":18},"end":{"line":60,"column":47}},"18":{"start":{"line":62,"column":2},"end":{"line":62,"column":54}},"19":{"start":{"line":62,"column":40},"end":{"line":62,"column":54}},"20":{"start":{"line":63,"column":2},"end":{"line":63,"column":32}},"21":{"start":{"line":66,"column":0},"end":{"line":71,"column":2}}},"fnMap":{"0":{"name":"authenticateJWT","decl":{"start":{"line":18,"column":9},"end":{"line":18,"column":24}},"loc":{"start":{"line":18,"column":41},"end":{"line":31,"column":1}},"line":18},"1":{"name":"ensureLoggedIn","decl":{"start":{"line":38,"column":9},"end":{"line":38,"column":23}},"loc":{"start":{"line":38,"column":40},"end":{"line":41,"column":1}},"line":38},"2":{"name":"ensureAdmin","decl":{"start":{"line":49,"column":9},"end":{"line":49,"column":20}},"loc":{"start":{"line":49,"column":37},"end":{"line":52,"column":1}},"line":49},"3":{"name":"ensureCorrectUserOrAdmin","decl":{"start":{"line":56,"column":9},"end":{"line":56,"column":33}},"loc":{"start":{"line":56,"column":50},"end":{"line":64,"column":1}},"line":56}},"branchMap":{"0":{"loc":{"start":{"line":20,"column":2},"end":{"line":28,"column":3}},"type":"if","locations":[{"start":{"line":20,"column":2},"end":{"line":28,"column":3}},{"start":{},"end":{}}],"line":20},"1":{"loc":{"start":{"line":39,"column":2},"end":{"line":39,"column":47}},"type":"if","locations":[{"start":{"line":39,"column":2},"end":{"line":39,"column":47}},{"start":{},"end":{}}],"line":39},"2":{"loc":{"start":{"line":50,"column":2},"end":{"line":50,"column":55}},"type":"if","locations":[{"start":{"line":50,"column":2},"end":{"line":50,"column":55}},{"start":{},"end":{}}],"line":50},"3":{"loc":{"start":{"line":62,"column":2},"end":{"line":62,"column":54}},"type":"if","locations":[{"start":{"line":62,"column":2},"end":{"line":62,"column":54}},{"start":{},"end":{}}],"line":62},"4":{"loc":{"start":{"line":62,"column":6},"end":{"line":62,"column":38}},"type":"binary-expr","locations":[{"start":{"line":62,"column":6},"end":{"line":62,"column":13}},{"start":{"line":62,"column":17},"end":{"line":62,"column":38}}],"line":62}},"s":{"0":6,"1":6,"2":6,"3":100,"4":100,"5":50,"6":50,"7":50,"8":100,"9":62,"10":49,"11":13,"12":38,"13":26,"14":12,"15":17,"16":17,"17":17,"18":17,"19":14,"20":3,"21":6},"f":{"0":100,"1":62,"2":38,"3":17},"b":{"0":[50,50],"1":[49,13],"2":[26,12],"3":[14,3],"4":[17,7]},"_coverageSchema":"1a1c01bbd47fc00a2c39e90264f33305004495a9","hash":"b6615fe6087384fe5d01eb034d0bf0e1df93dde8"}
,"/home/jjin/rithm/assessment/express-jobly/models/_testCommon.js": {"path":"/home/jjin/rithm/assessment/express-jobly/models/_testCommon.js","statementMap":{"0":{"start":{"line":3,"column":15},"end":{"line":3,"column":32}},"1":{"start":{"line":5,"column":11},"end":{"line":5,"column":30}},"2":{"start":{"line":6,"column":31},"end":{"line":6,"column":51}},"3":{"start":{"line":10,"column":2},"end":{"line":10,"column":42}},"4":{"start":{"line":12,"column":2},"end":{"line":12,"column":38}},"5":{"start":{"line":14,"column":2},"end":{"line":14,"column":37}},"6":{"start":{"line":16,"column":2},"end":{"line":20,"column":57}},"7":{"start":{"line":22,"column":2},"end":{"line":33,"column":5}},"8":{"start":{"line":35,"column":2},"end":{"line":39,"column":36}},"9":{"start":{"line":43,"column":2},"end":{"line":43,"column":26}},"10":{"start":{"line":47,"column":2},"end":{"line":47,"column":29}},"11":{"start":{"line":51,"column":2},"end":{"line":51,"column":17}},"12":{"start":{"line":55,"column":0},"end":{"line":60,"column":2}}},"fnMap":{"0":{"name":"commonBeforeAll","decl":{"start":{"line":8,"column":15},"end":{"line":8,"column":30}},"loc":{"start":{"line":8,"column":33},"end":{"line":40,"column":1}},"line":8},"1":{"name":"commonBeforeEach","decl":{"start":{"line":42,"column":15},"end":{"line":42,"column":31}},"loc":{"start":{"line":42,"column":34},"end":{"line":44,"column":1}},"line":42},"2":{"name":"commonAfterEach","decl":{"start":{"line":46,"column":15},"end":{"line":46,"column":30}},"loc":{"start":{"line":46,"column":33},"end":{"line":48,"column":1}},"line":46},"3":{"name":"commonAfterAll","decl":{"start":{"line":50,"column":15},"end":{"line":50,"column":29}},"loc":{"start":{"line":50,"column":32},"end":{"line":52,"column":1}},"line":50}},"branchMap":{},"s":{"0":3,"1":3,"2":3,"3":3,"4":3,"5":3,"6":3,"7":3,"8":3,"9":50,"10":50,"11":3,"12":3},"f":{"0":3,"1":50,"2":50,"3":3},"b":{},"_coverageSchema":"1a1c01bbd47fc00a2c39e90264f33305004495a9","hash":"1f324c0d41d73f1d48236ba206f8b84a41f4038c"}
,"/home/jjin/rithm/assessment/express-jobly/models/company.js": {"path":"/home/jjin/rithm/assessment/express-jobly/models/company.js","statementMap":{"0":{"start":{"line":3,"column":11},"end":{"line":3,"column":27}},"1":{"start":{"line":4,"column":43},"end":{"line":4,"column":69}},"2":{"start":{"line":5,"column":32},"end":{"line":5,"column":57}},"3":{"start":{"line":7,"column":24},"end":{"line":11,"column":1}},"4":{"start":{"line":26,"column":27},"end":{"line":29,"column":37}},"5":{"start":{"line":31,"column":4},"end":{"line":32,"column":64}},"6":{"start":{"line":32,"column":6},"end":{"line":32,"column":64}},"7":{"start":{"line":34,"column":19},"end":{"line":53,"column":5}},"8":{"start":{"line":54,"column":20},"end":{"line":54,"column":34}},"9":{"start":{"line":56,"column":4},"end":{"line":56,"column":19}},"10":{"start":{"line":76,"column":36},"end":{"line":76,"column":72}},"11":{"start":{"line":78,"column":25},"end":{"line":87,"column":15}},"12":{"start":{"line":88,"column":4},"end":{"line":88,"column":29}},"13":{"start":{"line":99,"column":23},"end":{"line":106,"column":37}},"14":{"start":{"line":108,"column":20},"end":{"line":108,"column":38}},"15":{"start":{"line":110,"column":4},"end":{"line":110,"column":67}},"16":{"start":{"line":110,"column":18},"end":{"line":110,"column":67}},"17":{"start":{"line":112,"column":19},"end":{"line":118,"column":41}},"18":{"start":{"line":120,"column":17},"end":{"line":120,"column":28}},"19":{"start":{"line":122,"column":4},"end":{"line":122,"column":24}},"20":{"start":{"line":123,"column":4},"end":{"line":123,"column":19}},"21":{"start":{"line":139,"column":32},"end":{"line":144,"column":10}},"22":{"start":{"line":145,"column":25},"end":{"line":145,"column":50}},"23":{"start":{"line":147,"column":21},"end":{"line":156,"column":34}},"24":{"start":{"line":157,"column":19},"end":{"line":157,"column":64}},"25":{"start":{"line":158,"column":20},"end":{"line":158,"column":34}},"26":{"start":{"line":160,"column":4},"end":{"line":160,"column":67}},"27":{"start":{"line":160,"column":18},"end":{"line":160,"column":67}},"28":{"start":{"line":162,"column":4},"end":{"line":162,"column":19}},"29":{"start":{"line":171,"column":19},"end":{"line":175,"column":36}},"30":{"start":{"line":176,"column":20},"end":{"line":176,"column":34}},"31":{"start":{"line":178,"column":4},"end":{"line":178,"column":67}},"32":{"start":{"line":178,"column":18},"end":{"line":178,"column":67}},"33":{"start":{"line":195,"column":15},"end":{"line":195,"column":50}},"34":{"start":{"line":197,"column":2},"end":{"line":202,"column":3}},"35":{"start":{"line":198,"column":4},"end":{"line":201,"column":6}},"36":{"start":{"line":204,"column":2},"end":{"line":206,"column":3}},"37":{"start":{"line":205,"column":4},"end":{"line":205,"column":77}},"38":{"start":{"line":208,"column":23},"end":{"line":216,"column":3}},"39":{"start":{"line":209,"column":4},"end":{"line":214,"column":5}},"40":{"start":{"line":210,"column":6},"end":{"line":212,"column":7}},"41":{"start":{"line":211,"column":8},"end":{"line":211,"column":70}},"42":{"start":{"line":213,"column":6},"end":{"line":213,"column":54}},"43":{"start":{"line":218,"column":2},"end":{"line":221,"column":4}},"44":{"start":{"line":226,"column":0},"end":{"line":226,"column":25}}},"fnMap":{"0":{"name":"(anonymous_0)","decl":{"start":{"line":25,"column":2},"end":{"line":25,"column":3}},"loc":{"start":{"line":25,"column":76},"end":{"line":57,"column":3}},"line":25},"1":{"name":"(anonymous_1)","decl":{"start":{"line":75,"column":2},"end":{"line":75,"column":3}},"loc":{"start":{"line":75,"column":32},"end":{"line":89,"column":3}},"line":75},"2":{"name":"(anonymous_2)","decl":{"start":{"line":98,"column":2},"end":{"line":98,"column":3}},"loc":{"start":{"line":98,"column":27},"end":{"line":124,"column":3}},"line":98},"3":{"name":"(anonymous_3)","decl":{"start":{"line":138,"column":2},"end":{"line":138,"column":3}},"loc":{"start":{"line":138,"column":36},"end":{"line":163,"column":3}},"line":138},"4":{"name":"(anonymous_4)","decl":{"start":{"line":170,"column":2},"end":{"line":170,"column":3}},"loc":{"start":{"line":170,"column":30},"end":{"line":179,"column":3}},"line":170},"5":{"name":"(anonymous_5)","decl":{"start":{"line":194,"column":0},"end":{"line":194,"column":1}},"loc":{"start":{"line":194,"column":39},"end":{"line":222,"column":1}},"line":194},"6":{"name":"(anonymous_6)","decl":{"start":{"line":208,"column":32},"end":{"line":208,"column":33}},"loc":{"start":{"line":208,"column":49},"end":{"line":215,"column":3}},"line":208}},"branchMap":{"0":{"loc":{"start":{"line":31,"column":4},"end":{"line":32,"column":64}},"type":"if","locations":[{"start":{"line":31,"column":4},"end":{"line":32,"column":64}},{"start":{},"end":{}}],"line":31},"1":{"loc":{"start":{"line":110,"column":4},"end":{"line":110,"column":67}},"type":"if","locations":[{"start":{"line":110,"column":4},"end":{"line":110,"column":67}},{"start":{},"end":{}}],"line":110},"2":{"loc":{"start":{"line":160,"column":4},"end":{"line":160,"column":67}},"type":"if","locations":[{"start":{"line":160,"column":4},"end":{"line":160,"column":67}},{"start":{},"end":{}}],"line":160},"3":{"loc":{"start":{"line":178,"column":4},"end":{"line":178,"column":67}},"type":"if","locations":[{"start":{"line":178,"column":4},"end":{"line":178,"column":67}},{"start":{},"end":{}}],"line":178},"4":{"loc":{"start":{"line":195,"column":15},"end":{"line":195,"column":50}},"type":"cond-expr","locations":[{"start":{"line":195,"column":25},"end":{"line":195,"column":45}},{"start":{"line":195,"column":48},"end":{"line":195,"column":50}}],"line":195},"5":{"loc":{"start":{"line":197,"column":2},"end":{"line":202,"column":3}},"type":"if","locations":[{"start":{"line":197,"column":2},"end":{"line":202,"column":3}},{"start":{},"end":{}}],"line":197},"6":{"loc":{"start":{"line":204,"column":2},"end":{"line":206,"column":3}},"type":"if","locations":[{"start":{"line":204,"column":2},"end":{"line":206,"column":3}},{"start":{},"end":{}}],"line":204},"7":{"loc":{"start":{"line":209,"column":4},"end":{"line":214,"column":5}},"type":"if","locations":[{"start":{"line":209,"column":4},"end":{"line":214,"column":5}},{"start":{},"end":{}}],"line":209},"8":{"loc":{"start":{"line":210,"column":6},"end":{"line":212,"column":7}},"type":"if","locations":[{"start":{"line":210,"column":6},"end":{"line":212,"column":7}},{"start":{},"end":{}}],"line":210}},"s":{"0":6,"1":6,"2":6,"3":6,"4":16,"5":16,"6":1,"7":15,"8":15,"9":15,"10":12,"11":11,"12":11,"13":5,"14":5,"15":5,"16":2,"17":3,"18":3,"19":3,"20":3,"21":6,"22":5,"23":5,"24":5,"25":5,"26":5,"27":2,"28":3,"29":4,"30":4,"31":4,"32":2,"33":17,"34":17,"35":3,"36":14,"37":2,"38":12,"39":22,"40":22,"41":8,"42":14,"43":12,"44":6},"f":{"0":16,"1":12,"2":5,"3":6,"4":4,"5":17,"6":22},"b":{"0":[1,15],"1":[2,3],"2":[2,3],"3":[2,2],"4":[16,1],"5":[3,14],"6":[2,12],"7":[22,0],"8":[8,14]},"_coverageSchema":"1a1c01bbd47fc00a2c39e90264f33305004495a9","hash":"38c633899301d5871b1f18811f5da65a8b6ec834"}
,"/home/jjin/rithm/assessment/express-jobly/models/job.js": {"path":"/home/jjin/rithm/assessment/express-jobly/models/job.js","statementMap":{"0":{"start":{"line":3,"column":11},"end":{"line":3,"column":27}},"1":{"start":{"line":4,"column":43},"end":{"line":4,"column":69}},"2":{"start":{"line":5,"column":32},"end":{"line":5,"column":57}},"3":{"start":{"line":7,"column":24},"end":{"line":11,"column":1}},"4":{"start":{"line":13,"column":27},"end":{"line":13,"column":28}},"5":{"start":{"line":29,"column":25},"end":{"line":32,"column":44}},"6":{"start":{"line":34,"column":4},"end":{"line":35,"column":75}},"7":{"start":{"line":35,"column":6},"end":{"line":35,"column":75}},"8":{"start":{"line":37,"column":19},"end":{"line":54,"column":5}},"9":{"start":{"line":55,"column":16},"end":{"line":55,"column":30}},"10":{"start":{"line":57,"column":4},"end":{"line":57,"column":15}},"11":{"start":{"line":69,"column":36},"end":{"line":69,"column":72}},"12":{"start":{"line":71,"column":4},"end":{"line":79,"column":20}},"13":{"start":{"line":80,"column":19},"end":{"line":89,"column":15}},"14":{"start":{"line":91,"column":4},"end":{"line":91,"column":23}},"15":{"start":{"line":104,"column":19},"end":{"line":111,"column":29}},"16":{"start":{"line":113,"column":16},"end":{"line":113,"column":30}},"17":{"start":{"line":115,"column":4},"end":{"line":115,"column":55}},"18":{"start":{"line":115,"column":14},"end":{"line":115,"column":55}},"19":{"start":{"line":117,"column":4},"end":{"line":117,"column":15}},"20":{"start":{"line":133,"column":32},"end":{"line":137,"column":8}},"21":{"start":{"line":138,"column":25},"end":{"line":138,"column":50}},"22":{"start":{"line":140,"column":21},"end":{"line":149,"column":46}},"23":{"start":{"line":150,"column":19},"end":{"line":150,"column":60}},"24":{"start":{"line":151,"column":16},"end":{"line":151,"column":30}},"25":{"start":{"line":153,"column":4},"end":{"line":153,"column":55}},"26":{"start":{"line":153,"column":14},"end":{"line":153,"column":55}},"27":{"start":{"line":155,"column":4},"end":{"line":155,"column":15}},"28":{"start":{"line":164,"column":19},"end":{"line":168,"column":30}},"29":{"start":{"line":169,"column":16},"end":{"line":169,"column":30}},"30":{"start":{"line":171,"column":4},"end":{"line":171,"column":55}},"31":{"start":{"line":171,"column":14},"end":{"line":171,"column":55}},"32":{"start":{"line":188,"column":15},"end":{"line":188,"column":50}},"33":{"start":{"line":190,"column":2},"end":{"line":195,"column":3}},"34":{"start":{"line":191,"column":4},"end":{"line":194,"column":6}},"35":{"start":{"line":197,"column":17},"end":{"line":197,"column":19}},"36":{"start":{"line":198,"column":23},"end":{"line":216,"column":3}},"37":{"start":{"line":199,"column":4},"end":{"line":214,"column":5}},"38":{"start":{"line":200,"column":6},"end":{"line":203,"column":7}},"39":{"start":{"line":201,"column":8},"end":{"line":201,"column":37}},"40":{"start":{"line":202,"column":8},"end":{"line":202,"column":70}},"41":{"start":{"line":204,"column":6},"end":{"line":211,"column":7}},"42":{"start":{"line":205,"column":8},"end":{"line":210,"column":9}},"43":{"start":{"line":206,"column":10},"end":{"line":206,"column":42}},"44":{"start":{"line":207,"column":10},"end":{"line":207,"column":58}},"45":{"start":{"line":209,"column":10},"end":{"line":209,"column":72}},"46":{"start":{"line":212,"column":6},"end":{"line":212,"column":35}},"47":{"start":{"line":213,"column":6},"end":{"line":213,"column":54}},"48":{"start":{"line":218,"column":2},"end":{"line":221,"column":4}},"49":{"start":{"line":225,"column":0},"end":{"line":225,"column":21}}},"fnMap":{"0":{"name":"(anonymous_0)","decl":{"start":{"line":28,"column":2},"end":{"line":28,"column":3}},"loc":{"start":{"line":28,"column":64},"end":{"line":58,"column":3}},"line":28},"1":{"name":"(anonymous_1)","decl":{"start":{"line":68,"column":2},"end":{"line":68,"column":3}},"loc":{"start":{"line":68,"column":32},"end":{"line":92,"column":3}},"line":68},"2":{"name":"(anonymous_2)","decl":{"start":{"line":103,"column":2},"end":{"line":103,"column":3}},"loc":{"start":{"line":103,"column":23},"end":{"line":118,"column":3}},"line":103},"3":{"name":"(anonymous_3)","decl":{"start":{"line":132,"column":2},"end":{"line":132,"column":3}},"loc":{"start":{"line":132,"column":32},"end":{"line":156,"column":3}},"line":132},"4":{"name":"(anonymous_4)","decl":{"start":{"line":163,"column":2},"end":{"line":163,"column":3}},"loc":{"start":{"line":163,"column":26},"end":{"line":172,"column":3}},"line":163},"5":{"name":"(anonymous_5)","decl":{"start":{"line":187,"column":0},"end":{"line":187,"column":1}},"loc":{"start":{"line":187,"column":39},"end":{"line":222,"column":1}},"line":187},"6":{"name":"(anonymous_6)","decl":{"start":{"line":198,"column":32},"end":{"line":198,"column":33}},"loc":{"start":{"line":198,"column":49},"end":{"line":215,"column":3}},"line":198}},"branchMap":{"0":{"loc":{"start":{"line":34,"column":4},"end":{"line":35,"column":75}},"type":"if","locations":[{"start":{"line":34,"column":4},"end":{"line":35,"column":75}},{"start":{},"end":{}}],"line":34},"1":{"loc":{"start":{"line":115,"column":4},"end":{"line":115,"column":55}},"type":"if","locations":[{"start":{"line":115,"column":4},"end":{"line":115,"column":55}},{"start":{},"end":{}}],"line":115},"2":{"loc":{"start":{"line":153,"column":4},"end":{"line":153,"column":55}},"type":"if","locations":[{"start":{"line":153,"column":4},"end":{"line":153,"column":55}},{"start":{},"end":{}}],"line":153},"3":{"loc":{"start":{"line":171,"column":4},"end":{"line":171,"column":55}},"type":"if","locations":[{"start":{"line":171,"column":4},"end":{"line":171,"column":55}},{"start":{},"end":{}}],"line":171},"4":{"loc":{"start":{"line":188,"column":15},"end":{"line":188,"column":50}},"type":"cond-expr","locations":[{"start":{"line":188,"column":25},"end":{"line":188,"column":45}},{"start":{"line":188,"column":48},"end":{"line":188,"column":50}}],"line":188},"5":{"loc":{"start":{"line":190,"column":2},"end":{"line":195,"column":3}},"type":"if","locations":[{"start":{"line":190,"column":2},"end":{"line":195,"column":3}},{"start":{},"end":{}}],"line":190},"6":{"loc":{"start":{"line":199,"column":4},"end":{"line":214,"column":5}},"type":"if","locations":[{"start":{"line":199,"column":4},"end":{"line":214,"column":5}},{"start":{},"end":{}}],"line":199},"7":{"loc":{"start":{"line":200,"column":6},"end":{"line":203,"column":7}},"type":"if","locations":[{"start":{"line":200,"column":6},"end":{"line":203,"column":7}},{"start":{},"end":{}}],"line":200},"8":{"loc":{"start":{"line":204,"column":6},"end":{"line":211,"column":7}},"type":"if","locations":[{"start":{"line":204,"column":6},"end":{"line":211,"column":7}},{"start":{},"end":{}}],"line":204},"9":{"loc":{"start":{"line":205,"column":8},"end":{"line":210,"column":9}},"type":"if","locations":[{"start":{"line":205,"column":8},"end":{"line":210,"column":9}},{"start":{"line":208,"column":15},"end":{"line":210,"column":9}}],"line":205}},"s":{"0":6,"1":6,"2":6,"3":6,"4":6,"5":19,"6":19,"7":1,"8":18,"9":18,"10":18,"11":14,"12":14,"13":14,"14":14,"15":4,"16":4,"17":4,"18":2,"19":2,"20":6,"21":5,"22":5,"23":5,"24":5,"25":5,"26":2,"27":3,"28":4,"29":4,"30":4,"31":2,"32":19,"33":19,"34":8,"35":11,"36":11,"37":18,"38":18,"39":6,"40":6,"41":12,"42":6,"43":5,"44":5,"45":1,"46":6,"47":6,"48":10,"49":6},"f":{"0":19,"1":14,"2":4,"3":6,"4":4,"5":19,"6":18},"b":{"0":[1,18],"1":[2,2],"2":[2,3],"3":[2,2],"4":[13,6],"5":[8,11],"6":[18,0],"7":[6,12],"8":[6,6],"9":[5,1]},"_coverageSchema":"1a1c01bbd47fc00a2c39e90264f33305004495a9","hash":"d1abdc9bff740dc9b4e4ab416ad792db748099ad"}
,"/home/jjin/rithm/assessment/express-jobly/models/user.js": {"path":"/home/jjin/rithm/assessment/express-jobly/models/user.js","statementMap":{"0":{"start":{"line":3,"column":11},"end":{"line":3,"column":27}},"1":{"start":{"line":4,"column":15},"end":{"line":4,"column":32}},"2":{"start":{"line":5,"column":32},"end":{"line":5,"column":57}},"3":{"start":{"line":10,"column":4},"end":{"line":10,"column":30}},"4":{"start":{"line":12,"column":31},"end":{"line":12,"column":54}},"5":{"start":{"line":26,"column":19},"end":{"line":35,"column":5}},"6":{"start":{"line":37,"column":17},"end":{"line":37,"column":31}},"7":{"start":{"line":39,"column":4},"end":{"line":46,"column":5}},"8":{"start":{"line":41,"column":22},"end":{"line":41,"column":67}},"9":{"start":{"line":42,"column":6},"end":{"line":45,"column":7}},"10":{"start":{"line":43,"column":8},"end":{"line":43,"column":29}},"11":{"start":{"line":44,"column":8},"end":{"line":44,"column":20}},"12":{"start":{"line":48,"column":4},"end":{"line":48,"column":61}},"13":{"start":{"line":60,"column":27},"end":{"line":64,"column":5}},"14":{"start":{"line":66,"column":4},"end":{"line":68,"column":5}},"15":{"start":{"line":67,"column":6},"end":{"line":67,"column":67}},"16":{"start":{"line":70,"column":27},"end":{"line":70,"column":74}},"17":{"start":{"line":72,"column":19},"end":{"line":94,"column":5}},"18":{"start":{"line":96,"column":17},"end":{"line":96,"column":31}},"19":{"start":{"line":98,"column":4},"end":{"line":98,"column":16}},"20":{"start":{"line":107,"column":19},"end":{"line":115,"column":5}},"21":{"start":{"line":117,"column":4},"end":{"line":117,"column":23}},"22":{"start":{"line":129,"column":20},"end":{"line":137,"column":5}},"23":{"start":{"line":139,"column":17},"end":{"line":139,"column":32}},"24":{"start":{"line":141,"column":4},"end":{"line":141,"column":63}},"25":{"start":{"line":141,"column":15},"end":{"line":141,"column":63}},"26":{"start":{"line":143,"column":4},"end":{"line":143,"column":16}},"27":{"start":{"line":164,"column":4},"end":{"line":166,"column":5}},"28":{"start":{"line":165,"column":6},"end":{"line":165,"column":75}},"29":{"start":{"line":168,"column":32},"end":{"line":174,"column":10}},"30":{"start":{"line":175,"column":27},"end":{"line":175,"column":52}},"31":{"start":{"line":177,"column":21},"end":{"line":185,"column":34}},"32":{"start":{"line":186,"column":19},"end":{"line":186,"column":66}},"33":{"start":{"line":187,"column":17},"end":{"line":187,"column":31}},"34":{"start":{"line":189,"column":4},"end":{"line":189,"column":63}},"35":{"start":{"line":189,"column":15},"end":{"line":189,"column":63}},"36":{"start":{"line":191,"column":4},"end":{"line":191,"column":25}},"37":{"start":{"line":192,"column":4},"end":{"line":192,"column":16}},"38":{"start":{"line":198,"column":17},"end":{"line":203,"column":5}},"39":{"start":{"line":204,"column":17},"end":{"line":204,"column":31}},"40":{"start":{"line":206,"column":4},"end":{"line":206,"column":63}},"41":{"start":{"line":206,"column":15},"end":{"line":206,"column":63}},"42":{"start":{"line":211,"column":0},"end":{"line":211,"column":22}}},"fnMap":{"0":{"name":"(anonymous_0)","decl":{"start":{"line":24,"column":2},"end":{"line":24,"column":3}},"loc":{"start":{"line":24,"column":48},"end":{"line":49,"column":3}},"line":24},"1":{"name":"(anonymous_1)","decl":{"start":{"line":58,"column":2},"end":{"line":58,"column":3}},"loc":{"start":{"line":59,"column":67},"end":{"line":99,"column":3}},"line":59},"2":{"name":"(anonymous_2)","decl":{"start":{"line":106,"column":2},"end":{"line":106,"column":3}},"loc":{"start":{"line":106,"column":25},"end":{"line":118,"column":3}},"line":106},"3":{"name":"(anonymous_3)","decl":{"start":{"line":128,"column":2},"end":{"line":128,"column":3}},"loc":{"start":{"line":128,"column":29},"end":{"line":144,"column":3}},"line":128},"4":{"name":"(anonymous_4)","decl":{"start":{"line":163,"column":2},"end":{"line":163,"column":3}},"loc":{"start":{"line":163,"column":38},"end":{"line":193,"column":3}},"line":163},"5":{"name":"(anonymous_5)","decl":{"start":{"line":197,"column":2},"end":{"line":197,"column":3}},"loc":{"start":{"line":197,"column":32},"end":{"line":207,"column":3}},"line":197}},"branchMap":{"0":{"loc":{"start":{"line":39,"column":4},"end":{"line":46,"column":5}},"type":"if","locations":[{"start":{"line":39,"column":4},"end":{"line":46,"column":5}},{"start":{},"end":{}}],"line":39},"1":{"loc":{"start":{"line":42,"column":6},"end":{"line":45,"column":7}},"type":"if","locations":[{"start":{"line":42,"column":6},"end":{"line":45,"column":7}},{"start":{},"end":{}}],"line":42},"2":{"loc":{"start":{"line":66,"column":4},"end":{"line":68,"column":5}},"type":"if","locations":[{"start":{"line":66,"column":4},"end":{"line":68,"column":5}},{"start":{},"end":{}}],"line":66},"3":{"loc":{"start":{"line":141,"column":4},"end":{"line":141,"column":63}},"type":"if","locations":[{"start":{"line":141,"column":4},"end":{"line":141,"column":63}},{"start":{},"end":{}}],"line":141},"4":{"loc":{"start":{"line":164,"column":4},"end":{"line":166,"column":5}},"type":"if","locations":[{"start":{"line":164,"column":4},"end":{"line":166,"column":5}},{"start":{},"end":{}}],"line":164},"5":{"loc":{"start":{"line":189,"column":4},"end":{"line":189,"column":63}},"type":"if","locations":[{"start":{"line":189,"column":4},"end":{"line":189,"column":63}},{"start":{},"end":{}}],"line":189},"6":{"loc":{"start":{"line":206,"column":4},"end":{"line":206,"column":63}},"type":"if","locations":[{"start":{"line":206,"column":4},"end":{"line":206,"column":63}},{"start":{},"end":{}}],"line":206}},"s":{"0":6,"1":6,"2":6,"3":6,"4":6,"5":7,"6":7,"7":7,"8":4,"9":4,"10":3,"11":3,"12":4,"13":20,"14":20,"15":2,"16":18,"17":18,"18":18,"19":18,"20":2,"21":2,"22":5,"23":5,"24":5,"25":2,"26":3,"27":8,"28":2,"29":8,"30":7,"31":7,"32":7,"33":7,"34":7,"35":2,"36":5,"37":5,"38":5,"39":5,"40":5,"41":2,"42":6},"f":{"0":7,"1":20,"2":2,"3":5,"4":8,"5":5},"b":{"0":[4,3],"1":[3,1],"2":[2,18],"3":[2,3],"4":[2,6],"5":[2,5],"6":[2,3]},"_coverageSchema":"1a1c01bbd47fc00a2c39e90264f33305004495a9","hash":"31eee3e04f170c57777498014b04418b57af9b7c"}
,"/home/jjin/rithm/assessment/express-jobly/routes/_testCommon.js": {"path":"/home/jjin/rithm/assessment/express-jobly/routes/_testCommon.js","statementMap":{"0":{"start":{"line":3,"column":11},"end":{"line":3,"column":30}},"1":{"start":{"line":4,"column":13},"end":{"line":4,"column":38}},"2":{"start":{"line":5,"column":16},"end":{"line":5,"column":44}},"3":{"start":{"line":6,"column":12},"end":{"line":6,"column":36}},"4":{"start":{"line":7,"column":24},"end":{"line":7,"column":52}},"5":{"start":{"line":9,"column":17},"end":{"line":9,"column":19}},"6":{"start":{"line":13,"column":2},"end":{"line":13,"column":38}},"7":{"start":{"line":15,"column":2},"end":{"line":15,"column":42}},"8":{"start":{"line":17,"column":2},"end":{"line":24,"column":9}},"9":{"start":{"line":25,"column":2},"end":{"line":32,"column":9}},"10":{"start":{"line":33,"column":2},"end":{"line":40,"column":9}},"11":{"start":{"line":42,"column":2},"end":{"line":49,"column":5}},"12":{"start":{"line":50,"column":2},"end":{"line":57,"column":5}},"13":{"start":{"line":58,"column":2},"end":{"line":65,"column":5}},"14":{"start":{"line":67,"column":10},"end":{"line":73,"column":6}},"15":{"start":{"line":74,"column":0},"end":{"line":74,"column":19}},"16":{"start":{"line":76,"column":0},"end":{"line":82,"column":7}},"17":{"start":{"line":83,"column":0},"end":{"line":83,"column":19}},"18":{"start":{"line":85,"column":0},"end":{"line":91,"column":7}},"19":{"start":{"line":92,"column":0},"end":{"line":92,"column":19}},"20":{"start":{"line":94,"column":0},"end":{"line":99,"column":5}},"21":{"start":{"line":100,"column":0},"end":{"line":100,"column":19}},"22":{"start":{"line":104,"column":2},"end":{"line":104,"column":26}},"23":{"start":{"line":108,"column":2},"end":{"line":108,"column":29}},"24":{"start":{"line":112,"column":2},"end":{"line":112,"column":17}},"25":{"start":{"line":116,"column":24},"end":{"line":116,"column":71}},"26":{"start":{"line":117,"column":21},"end":{"line":117,"column":67}},"27":{"start":{"line":120,"column":0},"end":{"line":128,"column":2}}},"fnMap":{"0":{"name":"commonBeforeAll","decl":{"start":{"line":11,"column":15},"end":{"line":11,"column":30}},"loc":{"start":{"line":11,"column":33},"end":{"line":101,"column":1}},"line":11},"1":{"name":"commonBeforeEach","decl":{"start":{"line":103,"column":15},"end":{"line":103,"column":31}},"loc":{"start":{"line":103,"column":34},"end":{"line":105,"column":1}},"line":103},"2":{"name":"commonAfterEach","decl":{"start":{"line":107,"column":15},"end":{"line":107,"column":30}},"loc":{"start":{"line":107,"column":33},"end":{"line":109,"column":1}},"line":107},"3":{"name":"commonAfterAll","decl":{"start":{"line":111,"column":15},"end":{"line":111,"column":29}},"loc":{"start":{"line":111,"column":32},"end":{"line":113,"column":1}},"line":111}},"branchMap":{},"s":{"0":4,"1":4,"2":4,"3":4,"4":4,"5":4,"6":4,"7":4,"8":4,"9":4,"10":4,"11":4,"12":4,"13":4,"14":4,"15":4,"16":4,"17":4,"18":4,"19":4,"20":4,"21":4,"22":95,"23":95,"24":4,"25":4,"26":4,"27":4},"f":{"0":4,"1":95,"2":95,"3":4},"b":{},"_coverageSchema":"1a1c01bbd47fc00a2c39e90264f33305004495a9","hash":"570f942be596b2ccb1a72fa839b6b8e84fe3f0ae"}
,"/home/jjin/rithm/assessment/express-jobly/routes/auth.js": {"path":"/home/jjin/rithm/assessment/express-jobly/routes/auth.js","statementMap":{"0":{"start":{"line":5,"column":19},"end":{"line":5,"column":40}},"1":{"start":{"line":7,"column":13},"end":{"line":7,"column":38}},"2":{"start":{"line":8,"column":16},"end":{"line":8,"column":34}},"3":{"start":{"line":9,"column":15},"end":{"line":9,"column":35}},"4":{"start":{"line":10,"column":24},"end":{"line":10,"column":52}},"5":{"start":{"line":11,"column":23},"end":{"line":11,"column":58}},"6":{"start":{"line":12,"column":27},"end":{"line":12,"column":66}},"7":{"start":{"line":13,"column":28},"end":{"line":13,"column":54}},"8":{"start":{"line":22,"column":0},"end":{"line":37,"column":3}},"9":{"start":{"line":23,"column":20},"end":{"line":27,"column":3}},"10":{"start":{"line":28,"column":2},"end":{"line":31,"column":3}},"11":{"start":{"line":29,"column":17},"end":{"line":29,"column":51}},"12":{"start":{"line":29,"column":43},"end":{"line":29,"column":50}},"13":{"start":{"line":30,"column":4},"end":{"line":30,"column":36}},"14":{"start":{"line":33,"column":33},"end":{"line":33,"column":41}},"15":{"start":{"line":34,"column":15},"end":{"line":34,"column":58}},"16":{"start":{"line":35,"column":16},"end":{"line":35,"column":33}},"17":{"start":{"line":36,"column":2},"end":{"line":36,"column":29}},"18":{"start":{"line":49,"column":0},"end":{"line":63,"column":3}},"19":{"start":{"line":50,"column":20},"end":{"line":54,"column":3}},"20":{"start":{"line":55,"column":2},"end":{"line":58,"column":3}},"21":{"start":{"line":56,"column":17},"end":{"line":56,"column":51}},"22":{"start":{"line":56,"column":43},"end":{"line":56,"column":50}},"23":{"start":{"line":57,"column":4},"end":{"line":57,"column":36}},"24":{"start":{"line":60,"column":18},"end":{"line":60,"column":70}},"25":{"start":{"line":61,"column":16},"end":{"line":61,"column":36}},"26":{"start":{"line":62,"column":2},"end":{"line":62,"column":41}},"27":{"start":{"line":66,"column":0},"end":{"line":66,"column":24}}},"fnMap":{"0":{"name":"(anonymous_0)","decl":{"start":{"line":22,"column":22},"end":{"line":22,"column":23}},"loc":{"start":{"line":22,"column":54},"end":{"line":37,"column":1}},"line":22},"1":{"name":"(anonymous_1)","decl":{"start":{"line":29,"column":38},"end":{"line":29,"column":39}},"loc":{"start":{"line":29,"column":43},"end":{"line":29,"column":50}},"line":29},"2":{"name":"(anonymous_2)","decl":{"start":{"line":49,"column":25},"end":{"line":49,"column":26}},"loc":{"start":{"line":49,"column":57},"end":{"line":63,"column":1}},"line":49},"3":{"name":"(anonymous_3)","decl":{"start":{"line":56,"column":38},"end":{"line":56,"column":39}},"loc":{"start":{"line":56,"column":43},"end":{"line":56,"column":50}},"line":56}},"branchMap":{"0":{"loc":{"start":{"line":28,"column":2},"end":{"line":31,"column":3}},"type":"if","locations":[{"start":{"line":28,"column":2},"end":{"line":31,"column":3}},{"start":{},"end":{}}],"line":28},"1":{"loc":{"start":{"line":55,"column":2},"end":{"line":58,"column":3}},"type":"if","locations":[{"start":{"line":55,"column":2},"end":{"line":58,"column":3}},{"start":{},"end":{}}],"line":55}},"s":{"0":5,"1":5,"2":5,"3":5,"4":5,"5":5,"6":5,"7":5,"8":5,"9":5,"10":5,"11":2,"12":2,"13":2,"14":3,"15":3,"16":1,"17":1,"18":5,"19":3,"20":3,"21":2,"22":5,"23":2,"24":1,"25":1,"26":1,"27":5},"f":{"0":5,"1":2,"2":3,"3":5},"b":{"0":[2,3],"1":[2,1]},"_coverageSchema":"1a1c01bbd47fc00a2c39e90264f33305004495a9","hash":"eccc16c42441a7ea2e4c6b8f27df1f590946314f"}
,"/home/jjin/rithm/assessment/express-jobly/routes/companies.js": {"path":"/home/jjin/rithm/assessment/express-jobly/routes/companies.js","statementMap":{"0":{"start":{"line":5,"column":19},"end":{"line":5,"column":40}},"1":{"start":{"line":6,"column":16},"end":{"line":6,"column":34}},"2":{"start":{"line":8,"column":28},"end":{"line":8,"column":54}},"3":{"start":{"line":9,"column":40},"end":{"line":9,"column":69}},"4":{"start":{"line":10,"column":16},"end":{"line":10,"column":44}},"5":{"start":{"line":12,"column":25},"end":{"line":12,"column":62}},"6":{"start":{"line":13,"column":28},"end":{"line":13,"column":68}},"7":{"start":{"line":14,"column":28},"end":{"line":14,"column":68}},"8":{"start":{"line":16,"column":15},"end":{"line":16,"column":35}},"9":{"start":{"line":28,"column":0},"end":{"line":41,"column":3}},"10":{"start":{"line":29,"column":20},"end":{"line":33,"column":3}},"11":{"start":{"line":34,"column":2},"end":{"line":37,"column":3}},"12":{"start":{"line":35,"column":17},"end":{"line":35,"column":51}},"13":{"start":{"line":35,"column":43},"end":{"line":35,"column":50}},"14":{"start":{"line":36,"column":4},"end":{"line":36,"column":36}},"15":{"start":{"line":39,"column":18},"end":{"line":39,"column":48}},"16":{"start":{"line":40,"column":2},"end":{"line":40,"column":43}},"17":{"start":{"line":55,"column":0},"end":{"line":80,"column":3}},"18":{"start":{"line":57,"column":16},"end":{"line":57,"column":25}},"19":{"start":{"line":59,"column":2},"end":{"line":61,"column":3}},"20":{"start":{"line":60,"column":4},"end":{"line":60,"column":52}},"21":{"start":{"line":62,"column":2},"end":{"line":64,"column":3}},"22":{"start":{"line":63,"column":4},"end":{"line":63,"column":52}},"23":{"start":{"line":66,"column":20},"end":{"line":70,"column":3}},"24":{"start":{"line":72,"column":2},"end":{"line":75,"column":3}},"25":{"start":{"line":73,"column":17},"end":{"line":73,"column":51}},"26":{"start":{"line":73,"column":43},"end":{"line":73,"column":50}},"27":{"start":{"line":74,"column":4},"end":{"line":74,"column":36}},"28":{"start":{"line":77,"column":20},"end":{"line":77,"column":48}},"29":{"start":{"line":79,"column":2},"end":{"line":79,"column":33}},"30":{"start":{"line":91,"column":0},"end":{"line":94,"column":3}},"31":{"start":{"line":92,"column":18},"end":{"line":92,"column":54}},"32":{"start":{"line":93,"column":2},"end":{"line":93,"column":31}},"33":{"start":{"line":109,"column":0},"end":{"line":122,"column":3}},"34":{"start":{"line":110,"column":20},"end":{"line":114,"column":3}},"35":{"start":{"line":115,"column":2},"end":{"line":118,"column":3}},"36":{"start":{"line":116,"column":17},"end":{"line":116,"column":51}},"37":{"start":{"line":116,"column":43},"end":{"line":116,"column":50}},"38":{"start":{"line":117,"column":4},"end":{"line":117,"column":36}},"39":{"start":{"line":120,"column":18},"end":{"line":120,"column":67}},"40":{"start":{"line":121,"column":2},"end":{"line":121,"column":31}},"41":{"start":{"line":130,"column":0},"end":{"line":137,"column":3}},"42":{"start":{"line":135,"column":4},"end":{"line":135,"column":44}},"43":{"start":{"line":136,"column":4},"end":{"line":136,"column":52}},"44":{"start":{"line":140,"column":0},"end":{"line":140,"column":24}}},"fnMap":{"0":{"name":"(anonymous_0)","decl":{"start":{"line":28,"column":46},"end":{"line":28,"column":47}},"loc":{"start":{"line":28,"column":78},"end":{"line":41,"column":1}},"line":28},"1":{"name":"(anonymous_1)","decl":{"start":{"line":35,"column":38},"end":{"line":35,"column":39}},"loc":{"start":{"line":35,"column":43},"end":{"line":35,"column":50}},"line":35},"2":{"name":"(anonymous_2)","decl":{"start":{"line":55,"column":16},"end":{"line":55,"column":17}},"loc":{"start":{"line":55,"column":48},"end":{"line":80,"column":1}},"line":55},"3":{"name":"(anonymous_3)","decl":{"start":{"line":73,"column":38},"end":{"line":73,"column":39}},"loc":{"start":{"line":73,"column":43},"end":{"line":73,"column":50}},"line":73},"4":{"name":"(anonymous_4)","decl":{"start":{"line":91,"column":23},"end":{"line":91,"column":24}},"loc":{"start":{"line":91,"column":55},"end":{"line":94,"column":1}},"line":91},"5":{"name":"(anonymous_5)","decl":{"start":{"line":109,"column":54},"end":{"line":109,"column":55}},"loc":{"start":{"line":109,"column":86},"end":{"line":122,"column":1}},"line":109},"6":{"name":"(anonymous_6)","decl":{"start":{"line":116,"column":38},"end":{"line":116,"column":39}},"loc":{"start":{"line":116,"column":43},"end":{"line":116,"column":50}},"line":116},"7":{"name":"(anonymous_7)","decl":{"start":{"line":134,"column":2},"end":{"line":134,"column":3}},"loc":{"start":{"line":134,"column":34},"end":{"line":137,"column":1}},"line":134}},"branchMap":{"0":{"loc":{"start":{"line":34,"column":2},"end":{"line":37,"column":3}},"type":"if","locations":[{"start":{"line":34,"column":2},"end":{"line":37,"column":3}},{"start":{},"end":{}}],"line":34},"1":{"loc":{"start":{"line":59,"column":2},"end":{"line":61,"column":3}},"type":"if","locations":[{"start":{"line":59,"column":2},"end":{"line":61,"column":3}},{"start":{},"end":{}}],"line":59},"2":{"loc":{"start":{"line":62,"column":2},"end":{"line":64,"column":3}},"type":"if","locations":[{"start":{"line":62,"column":2},"end":{"line":64,"column":3}},{"start":{},"end":{}}],"line":62},"3":{"loc":{"start":{"line":72,"column":2},"end":{"line":75,"column":3}},"type":"if","locations":[{"start":{"line":72,"column":2},"end":{"line":75,"column":3}},{"start":{},"end":{}}],"line":72},"4":{"loc":{"start":{"line":115,"column":2},"end":{"line":118,"column":3}},"type":"if","locations":[{"start":{"line":115,"column":2},"end":{"line":118,"column":3}},{"start":{},"end":{}}],"line":115}},"s":{"0":5,"1":5,"2":5,"3":5,"4":5,"5":5,"6":5,"7":5,"8":5,"9":5,"10":3,"11":3,"12":2,"13":3,"14":2,"15":1,"16":1,"17":5,"18":11,"19":11,"20":5,"21":11,"22":5,"23":11,"24":11,"25":3,"26":3,"27":3,"28":8,"29":8,"30":5,"31":3,"32":2,"33":5,"34":4,"35":4,"36":2,"37":2,"38":2,"39":2,"40":1,"41":5,"42":2,"43":1,"44":5},"f":{"0":3,"1":3,"2":11,"3":3,"4":3,"5":4,"6":2,"7":2},"b":{"0":[2,1],"1":[5,6],"2":[5,6],"3":[3,8],"4":[2,2]},"_coverageSchema":"1a1c01bbd47fc00a2c39e90264f33305004495a9","hash":"b7f289fc9ff11f77efd142f46aa3f157a8ca40c1"}
,"/home/jjin/rithm/assessment/express-jobly/routes/jobs.js": {"path":"/home/jjin/rithm/assessment/express-jobly/routes/jobs.js","statementMap":{"0":{"start":{"line":5,"column":19},"end":{"line":5,"column":40}},"1":{"start":{"line":6,"column":16},"end":{"line":6,"column":34}},"2":{"start":{"line":8,"column":28},"end":{"line":8,"column":54}},"3":{"start":{"line":9,"column":40},"end":{"line":9,"column":69}},"4":{"start":{"line":10,"column":12},"end":{"line":10,"column":36}},"5":{"start":{"line":12,"column":21},"end":{"line":12,"column":54}},"6":{"start":{"line":13,"column":24},"end":{"line":13,"column":60}},"7":{"start":{"line":14,"column":24},"end":{"line":14,"column":60}},"8":{"start":{"line":16,"column":15},"end":{"line":16,"column":35}},"9":{"start":{"line":29,"column":0},"end":{"line":42,"column":3}},"10":{"start":{"line":30,"column":20},"end":{"line":34,"column":3}},"11":{"start":{"line":35,"column":2},"end":{"line":38,"column":3}},"12":{"start":{"line":36,"column":17},"end":{"line":36,"column":51}},"13":{"start":{"line":36,"column":43},"end":{"line":36,"column":50}},"14":{"start":{"line":37,"column":4},"end":{"line":37,"column":36}},"15":{"start":{"line":40,"column":14},"end":{"line":40,"column":40}},"16":{"start":{"line":41,"column":2},"end":{"line":41,"column":39}},"17":{"start":{"line":56,"column":0},"end":{"line":83,"column":3}},"18":{"start":{"line":57,"column":16},"end":{"line":57,"column":25}},"19":{"start":{"line":59,"column":2},"end":{"line":61,"column":3}},"20":{"start":{"line":60,"column":4},"end":{"line":60,"column":46}},"21":{"start":{"line":62,"column":2},"end":{"line":64,"column":3}},"22":{"start":{"line":63,"column":4},"end":{"line":63,"column":27}},"23":{"start":{"line":65,"column":2},"end":{"line":67,"column":3}},"24":{"start":{"line":66,"column":4},"end":{"line":66,"column":27}},"25":{"start":{"line":69,"column":20},"end":{"line":73,"column":3}},"26":{"start":{"line":75,"column":2},"end":{"line":78,"column":3}},"27":{"start":{"line":76,"column":17},"end":{"line":76,"column":51}},"28":{"start":{"line":76,"column":43},"end":{"line":76,"column":50}},"29":{"start":{"line":77,"column":4},"end":{"line":77,"column":36}},"30":{"start":{"line":80,"column":15},"end":{"line":80,"column":39}},"31":{"start":{"line":82,"column":2},"end":{"line":82,"column":34}},"32":{"start":{"line":93,"column":0},"end":{"line":96,"column":3}},"33":{"start":{"line":94,"column":14},"end":{"line":94,"column":42}},"34":{"start":{"line":95,"column":2},"end":{"line":95,"column":27}},"35":{"start":{"line":110,"column":0},"end":{"line":123,"column":3}},"36":{"start":{"line":111,"column":20},"end":{"line":115,"column":3}},"37":{"start":{"line":116,"column":2},"end":{"line":119,"column":3}},"38":{"start":{"line":117,"column":17},"end":{"line":117,"column":51}},"39":{"start":{"line":117,"column":43},"end":{"line":117,"column":50}},"40":{"start":{"line":118,"column":4},"end":{"line":118,"column":36}},"41":{"start":{"line":121,"column":14},"end":{"line":121,"column":55}},"42":{"start":{"line":122,"column":2},"end":{"line":122,"column":27}},"43":{"start":{"line":130,"column":0},"end":{"line":137,"column":3}},"44":{"start":{"line":135,"column":4},"end":{"line":135,"column":36}},"45":{"start":{"line":136,"column":4},"end":{"line":136,"column":48}},"46":{"start":{"line":140,"column":0},"end":{"line":140,"column":24}}},"fnMap":{"0":{"name":"(anonymous_0)","decl":{"start":{"line":29,"column":46},"end":{"line":29,"column":47}},"loc":{"start":{"line":29,"column":78},"end":{"line":42,"column":1}},"line":29},"1":{"name":"(anonymous_1)","decl":{"start":{"line":36,"column":38},"end":{"line":36,"column":39}},"loc":{"start":{"line":36,"column":43},"end":{"line":36,"column":50}},"line":36},"2":{"name":"(anonymous_2)","decl":{"start":{"line":56,"column":16},"end":{"line":56,"column":17}},"loc":{"start":{"line":56,"column":48},"end":{"line":83,"column":1}},"line":56},"3":{"name":"(anonymous_3)","decl":{"start":{"line":76,"column":38},"end":{"line":76,"column":39}},"loc":{"start":{"line":76,"column":43},"end":{"line":76,"column":50}},"line":76},"4":{"name":"(anonymous_4)","decl":{"start":{"line":93,"column":19},"end":{"line":93,"column":20}},"loc":{"start":{"line":93,"column":51},"end":{"line":96,"column":1}},"line":93},"5":{"name":"(anonymous_5)","decl":{"start":{"line":110,"column":50},"end":{"line":110,"column":51}},"loc":{"start":{"line":110,"column":82},"end":{"line":123,"column":1}},"line":110},"6":{"name":"(anonymous_6)","decl":{"start":{"line":117,"column":38},"end":{"line":117,"column":39}},"loc":{"start":{"line":117,"column":43},"end":{"line":117,"column":50}},"line":117},"7":{"name":"(anonymous_7)","decl":{"start":{"line":134,"column":2},"end":{"line":134,"column":3}},"loc":{"start":{"line":134,"column":34},"end":{"line":137,"column":1}},"line":134}},"branchMap":{"0":{"loc":{"start":{"line":35,"column":2},"end":{"line":38,"column":3}},"type":"if","locations":[{"start":{"line":35,"column":2},"end":{"line":38,"column":3}},{"start":{},"end":{}}],"line":35},"1":{"loc":{"start":{"line":59,"column":2},"end":{"line":61,"column":3}},"type":"if","locations":[{"start":{"line":59,"column":2},"end":{"line":61,"column":3}},{"start":{},"end":{}}],"line":59},"2":{"loc":{"start":{"line":62,"column":2},"end":{"line":64,"column":3}},"type":"if","locations":[{"start":{"line":62,"column":2},"end":{"line":64,"column":3}},{"start":{},"end":{}}],"line":62},"3":{"loc":{"start":{"line":65,"column":2},"end":{"line":67,"column":3}},"type":"if","locations":[{"start":{"line":65,"column":2},"end":{"line":67,"column":3}},{"start":{},"end":{}}],"line":65},"4":{"loc":{"start":{"line":75,"column":2},"end":{"line":78,"column":3}},"type":"if","locations":[{"start":{"line":75,"column":2},"end":{"line":78,"column":3}},{"start":{},"end":{}}],"line":75},"5":{"loc":{"start":{"line":116,"column":2},"end":{"line":119,"column":3}},"type":"if","locations":[{"start":{"line":116,"column":2},"end":{"line":119,"column":3}},{"start":{},"end":{}}],"line":116}},"s":{"0":5,"1":5,"2":5,"3":5,"4":5,"5":5,"6":5,"7":5,"8":5,"9":5,"10":3,"11":3,"12":2,"13":3,"14":2,"15":1,"16":1,"17":5,"18":12,"19":12,"20":5,"21":12,"22":3,"23":12,"24":1,"25":12,"26":12,"27":4,"28":4,"29":4,"30":8,"31":8,"32":5,"33":2,"34":1,"35":5,"36":5,"37":5,"38":3,"39":3,"40":3,"41":2,"42":1,"43":5,"44":2,"45":1,"46":5},"f":{"0":3,"1":3,"2":12,"3":4,"4":2,"5":5,"6":3,"7":2},"b":{"0":[2,1],"1":[5,7],"2":[3,9],"3":[1,11],"4":[4,8],"5":[3,2]},"_coverageSchema":"1a1c01bbd47fc00a2c39e90264f33305004495a9","hash":"24b9ba786df46b3f78d69adb4f4463b2084475f1"}
,"/home/jjin/rithm/assessment/express-jobly/routes/users.js": {"path":"/home/jjin/rithm/assessment/express-jobly/routes/users.js","statementMap":{"0":{"start":{"line":5,"column":19},"end":{"line":5,"column":40}},"1":{"start":{"line":7,"column":16},"end":{"line":7,"column":34}},"2":{"start":{"line":13,"column":4},"end":{"line":13,"column":33}},"3":{"start":{"line":14,"column":28},"end":{"line":14,"column":54}},"4":{"start":{"line":15,"column":13},"end":{"line":15,"column":38}},"5":{"start":{"line":16,"column":24},"end":{"line":16,"column":52}},"6":{"start":{"line":17,"column":22},"end":{"line":17,"column":56}},"7":{"start":{"line":18,"column":25},"end":{"line":18,"column":62}},"8":{"start":{"line":20,"column":15},"end":{"line":20,"column":31}},"9":{"start":{"line":35,"column":0},"end":{"line":49,"column":3}},"10":{"start":{"line":36,"column":20},"end":{"line":40,"column":3}},"11":{"start":{"line":41,"column":2},"end":{"line":44,"column":3}},"12":{"start":{"line":42,"column":17},"end":{"line":42,"column":51}},"13":{"start":{"line":42,"column":43},"end":{"line":42,"column":50}},"14":{"start":{"line":43,"column":4},"end":{"line":43,"column":36}},"15":{"start":{"line":46,"column":15},"end":{"line":46,"column":44}},"16":{"start":{"line":47,"column":16},"end":{"line":47,"column":33}},"17":{"start":{"line":48,"column":2},"end":{"line":48,"column":47}},"18":{"start":{"line":59,"column":0},"end":{"line":62,"column":3}},"19":{"start":{"line":60,"column":16},"end":{"line":60,"column":36}},"20":{"start":{"line":61,"column":2},"end":{"line":61,"column":29}},"21":{"start":{"line":72,"column":0},"end":{"line":79,"column":5}},"22":{"start":{"line":77,"column":17},"end":{"line":77,"column":52}},"23":{"start":{"line":78,"column":4},"end":{"line":78,"column":30}},"24":{"start":{"line":92,"column":0},"end":{"line":109,"column":5}},"25":{"start":{"line":97,"column":22},"end":{"line":101,"column":5}},"26":{"start":{"line":102,"column":4},"end":{"line":105,"column":5}},"27":{"start":{"line":103,"column":19},"end":{"line":103,"column":53}},"28":{"start":{"line":103,"column":45},"end":{"line":103,"column":52}},"29":{"start":{"line":104,"column":6},"end":{"line":104,"column":38}},"30":{"start":{"line":107,"column":17},"end":{"line":107,"column":65}},"31":{"start":{"line":108,"column":4},"end":{"line":108,"column":30}},"32":{"start":{"line":117,"column":0},"end":{"line":124,"column":5}},"33":{"start":{"line":122,"column":4},"end":{"line":122,"column":43}},"34":{"start":{"line":123,"column":4},"end":{"line":123,"column":54}},"35":{"start":{"line":127,"column":0},"end":{"line":127,"column":24}}},"fnMap":{"0":{"name":"(anonymous_0)","decl":{"start":{"line":35,"column":46},"end":{"line":35,"column":47}},"loc":{"start":{"line":35,"column":78},"end":{"line":49,"column":1}},"line":35},"1":{"name":"(anonymous_1)","decl":{"start":{"line":42,"column":38},"end":{"line":42,"column":39}},"loc":{"start":{"line":42,"column":43},"end":{"line":42,"column":50}},"line":42},"2":{"name":"(anonymous_2)","decl":{"start":{"line":59,"column":45},"end":{"line":59,"column":46}},"loc":{"start":{"line":59,"column":77},"end":{"line":62,"column":1}},"line":59},"3":{"name":"(anonymous_3)","decl":{"start":{"line":76,"column":2},"end":{"line":76,"column":3}},"loc":{"start":{"line":76,"column":34},"end":{"line":79,"column":3}},"line":76},"4":{"name":"(anonymous_4)","decl":{"start":{"line":96,"column":2},"end":{"line":96,"column":3}},"loc":{"start":{"line":96,"column":34},"end":{"line":109,"column":3}},"line":96},"5":{"name":"(anonymous_5)","decl":{"start":{"line":103,"column":40},"end":{"line":103,"column":41}},"loc":{"start":{"line":103,"column":45},"end":{"line":103,"column":52}},"line":103},"6":{"name":"(anonymous_6)","decl":{"start":{"line":121,"column":2},"end":{"line":121,"column":3}},"loc":{"start":{"line":121,"column":34},"end":{"line":124,"column":3}},"line":121}},"branchMap":{"0":{"loc":{"start":{"line":41,"column":2},"end":{"line":44,"column":3}},"type":"if","locations":[{"start":{"line":41,"column":2},"end":{"line":44,"column":3}},{"start":{},"end":{}}],"line":41},"1":{"loc":{"start":{"line":102,"column":4},"end":{"line":105,"column":5}},"type":"if","locations":[{"start":{"line":102,"column":4},"end":{"line":105,"column":5}},{"start":{},"end":{}}],"line":102}},"s":{"0":5,"1":5,"2":5,"3":5,"4":5,"5":5,"6":5,"7":5,"8":5,"9":5,"10":5,"11":5,"12":2,"13":5,"14":2,"15":3,"16":2,"17":2,"18":5,"19":1,"20":1,"21":5,"22":3,"23":2,"24":5,"25":6,"26":6,"27":2,"28":2,"29":2,"30":4,"31":3,"32":5,"33":3,"34":2,"35":5},"f":{"0":5,"1":5,"2":1,"3":3,"4":6,"5":2,"6":3},"b":{"0":[2,3],"1":[2,4]},"_coverageSchema":"1a1c01bbd47fc00a2c39e90264f33305004495a9","hash":"e59e3f0a5000e89448c35c0d00a85343db44336c"}
}
