TN:
SF:app.js
FN:32,(anonymous_0)
FN:37,(anonymous_1)
FNF:2
FNH:2
FNDA:2,(anonymous_0)
FNDA:60,(anonymous_1)
DA:5,5
DA:6,5
DA:8,5
DA:10,5
DA:11,5
DA:12,5
DA:13,5
DA:14,5
DA:16,5
DA:18,5
DA:20,5
DA:21,5
DA:22,5
DA:23,5
DA:25,5
DA:26,5
DA:27,5
DA:28,5
DA:32,5
DA:33,2
DA:37,5
DA:38,60
DA:41,60
DA:43,60
DA:48,5
LF:25
LH:25
BRDA:38,0,0,1
BRDA:38,0,1,59
BRF:2
BRH:2
end_of_record
TN:
SF:config.js
FN:13,getDatabaseUri
FNF:1
FNH:1
FNDA:12,getDatabaseUri
DA:5,11
DA:6,11
DA:8,11
DA:10,11
DA:14,12
DA:21,11
DA:23,11
DA:24,1
DA:34,11
LF:9
LH:9
BRDA:8,0,0,11
BRDA:8,0,1,10
BRDA:10,1,0,11
BRDA:10,1,1,10
BRDA:14,2,0,9
BRDA:14,2,1,3
BRDA:16,3,0,3
BRDA:16,3,1,1
BRDA:21,4,0,10
BRDA:21,4,1,1
BRDA:23,5,0,1
BRDA:23,5,1,10
BRF:12
BRH:12
end_of_record
TN:
SF:db.js
FN:14,connectDb
FNF:1
FNH:1
FNDA:8,connectDb
DA:5,8
DA:6,8
DA:8,8
DA:10,8
DA:16,8
DA:17,8
DA:18,8
DA:19,8
DA:25,8
DA:27,8
LF:10
LH:10
BRF:0
BRH:0
end_of_record
TN:
SF:expressError.js
FN:10,(anonymous_0)
FN:20,(anonymous_1)
FN:28,(anonymous_2)
FN:36,(anonymous_3)
FN:44,(anonymous_4)
FNF:5
FNH:4
FNDA:86,(anonymous_0)
FNDA:20,(anonymous_1)
FNDA:32,(anonymous_2)
FNDA:34,(anonymous_3)
FNDA:0,(anonymous_4)
DA:11,86
DA:12,86
DA:13,86
DA:21,20
DA:29,32
DA:37,34
DA:45,0
DA:49,10
LF:8
LH:7
BRDA:20,0,0,2
BRDA:28,1,0,28
BRDA:36,2,0,0
BRDA:44,3,0,0
BRF:4
BRH:2
end_of_record
TN:
SF:helpers/sql.js
FN:27,sqlForPartialUpdate
FN:32,(anonymous_1)
FNF:2
FNH:2
FNDA:23,sqlForPartialUpdate
FNDA:41,(anonymous_1)
DA:3,9
DA:28,23
DA:29,23
DA:32,19
DA:33,41
DA:36,19
DA:45,9
LF:7
LH:7
BRDA:29,0,0,4
BRDA:29,0,1,19
BRDA:33,1,0,41
BRDA:33,1,1,25
BRF:4
BRH:4
end_of_record
TN:
SF:helpers/tokens.js
FN:8,createToken
FNF:1
FNH:1
FNDA:15,createToken
DA:3,6
DA:4,6
DA:9,15
DA:14,15
DA:17,6
LF:5
LH:5
BRF:0
BRH:0
end_of_record
TN:
SF:middleware/auth.js
FN:18,authenticateJWT
FN:38,ensureLoggedIn
FN:49,ensureAdmin
FN:56,ensureCorrectUserOrAdmin
FNF:4
FNH:4
FNDA:100,authenticateJWT
FNDA:62,ensureLoggedIn
FNDA:38,ensureAdmin
FNDA:17,ensureCorrectUserOrAdmin
DA:5,6
DA:6,6
DA:7,6
DA:19,100
DA:20,100
DA:21,50
DA:23,50
DA:24,50
DA:29,100
DA:39,62
DA:40,13
DA:50,38
DA:51,12
DA:57,17
DA:59,17
DA:60,17
DA:62,17
DA:63,3
DA:66,6
LF:19
LH:19
BRDA:20,0,0,50
BRDA:20,0,1,50
BRDA:39,1,0,49
BRDA:39,1,1,13
BRDA:50,2,0,26
BRDA:50,2,1,12
BRDA:62,3,0,14
BRDA:62,3,1,3
BRDA:62,4,0,17
BRDA:62,4,1,7
BRF:10
BRH:10
end_of_record
TN:
SF:models/_testCommon.js
FN:8,commonBeforeAll
FN:42,commonBeforeEach
FN:46,commonAfterEach
FN:50,commonAfterAll
FNF:4
FNH:4
FNDA:3,commonBeforeAll
FNDA:50,commonBeforeEach
FNDA:50,commonAfterEach
FNDA:3,commonAfterAll
DA:3,3
DA:5,3
DA:6,3
DA:10,3
DA:12,3
DA:14,3
DA:16,3
DA:22,3
DA:35,3
DA:43,50
DA:47,50
DA:51,3
DA:55,3
LF:13
LH:13
BRF:0
BRH:0
end_of_record
TN:
SF:models/company.js
FN:25,(anonymous_0)
FN:75,(anonymous_1)
FN:98,(anonymous_2)
FN:138,(anonymous_3)
FN:170,(anonymous_4)
FN:194,(anonymous_5)
FN:208,(anonymous_6)
FNF:7
FNH:7
FNDA:16,(anonymous_0)
FNDA:12,(anonymous_1)
FNDA:5,(anonymous_2)
FNDA:6,(anonymous_3)
FNDA:4,(anonymous_4)
FNDA:17,(anonymous_5)
FNDA:22,(anonymous_6)
DA:3,6
DA:4,6
DA:5,6
DA:7,6
DA:26,16
DA:31,16
DA:32,1
DA:34,15
DA:54,15
DA:56,15
DA:76,12
DA:78,11
DA:88,11
DA:99,5
DA:108,5
DA:110,5
DA:112,3
DA:120,3
DA:122,3
DA:123,3
DA:139,6
DA:145,5
DA:147,5
DA:157,5
DA:158,5
DA:160,5
DA:162,3
DA:171,4
DA:176,4
DA:178,4
DA:195,17
DA:197,17
DA:198,3
DA:204,14
DA:205,2
DA:208,12
DA:209,22
DA:210,22
DA:211,8
DA:213,14
DA:218,12
DA:226,6
LF:42
LH:42
BRDA:31,0,0,1
BRDA:31,0,1,15
BRDA:110,1,0,2
BRDA:110,1,1,3
BRDA:160,2,0,2
BRDA:160,2,1,3
BRDA:178,3,0,2
BRDA:178,3,1,2
BRDA:195,4,0,16
BRDA:195,4,1,1
BRDA:197,5,0,3
BRDA:197,5,1,14
BRDA:204,6,0,2
BRDA:204,6,1,12
BRDA:209,7,0,22
BRDA:209,7,1,0
BRDA:210,8,0,8
BRDA:210,8,1,14
BRF:18
BRH:17
end_of_record
TN:
SF:models/job.js
FN:28,(anonymous_0)
FN:68,(anonymous_1)
FN:103,(anonymous_2)
FN:132,(anonymous_3)
FN:163,(anonymous_4)
FN:187,(anonymous_5)
FN:198,(anonymous_6)
FNF:7
FNH:7
FNDA:19,(anonymous_0)
FNDA:14,(anonymous_1)
FNDA:4,(anonymous_2)
FNDA:6,(anonymous_3)
FNDA:4,(anonymous_4)
FNDA:19,(anonymous_5)
FNDA:18,(anonymous_6)
DA:3,6
DA:4,6
DA:5,6
DA:7,6
DA:13,6
DA:29,19
DA:34,19
DA:35,1
DA:37,18
DA:55,18
DA:57,18
DA:69,14
DA:71,14
DA:80,14
DA:91,14
DA:104,4
DA:113,4
DA:115,4
DA:117,2
DA:133,6
DA:138,5
DA:140,5
DA:150,5
DA:151,5
DA:153,5
DA:155,3
DA:164,4
DA:169,4
DA:171,4
DA:188,19
DA:190,19
DA:191,8
DA:197,11
DA:198,11
DA:199,18
DA:200,18
DA:201,6
DA:202,6
DA:204,12
DA:205,6
DA:206,5
DA:207,5
DA:209,1
DA:212,6
DA:213,6
DA:218,10
DA:225,6
LF:47
LH:47
BRDA:34,0,0,1
BRDA:34,0,1,18
BRDA:115,1,0,2
BRDA:115,1,1,2
BRDA:153,2,0,2
BRDA:153,2,1,3
BRDA:171,3,0,2
BRDA:171,3,1,2
BRDA:188,4,0,13
BRDA:188,4,1,6
BRDA:190,5,0,8
BRDA:190,5,1,11
BRDA:199,6,0,18
BRDA:199,6,1,0
BRDA:200,7,0,6
BRDA:200,7,1,12
BRDA:204,8,0,6
BRDA:204,8,1,6
BRDA:205,9,0,5
BRDA:205,9,1,1
BRF:20
BRH:19
end_of_record
TN:
SF:models/user.js
FN:24,(anonymous_0)
FN:58,(anonymous_1)
FN:106,(anonymous_2)
FN:128,(anonymous_3)
FN:163,(anonymous_4)
FN:197,(anonymous_5)
FNF:6
FNH:6
FNDA:7,(anonymous_0)
FNDA:20,(anonymous_1)
FNDA:2,(anonymous_2)
FNDA:5,(anonymous_3)
FNDA:8,(anonymous_4)
FNDA:5,(anonymous_5)
DA:3,6
DA:4,6
DA:5,6
DA:10,6
DA:12,6
DA:26,7
DA:37,7
DA:39,7
DA:41,4
DA:42,4
DA:43,3
DA:44,3
DA:48,4
DA:60,20
DA:66,20
DA:67,2
DA:70,18
DA:72,18
DA:96,18
DA:98,18
DA:107,2
DA:117,2
DA:129,5
DA:139,5
DA:141,5
DA:143,3
DA:164,8
DA:165,2
DA:168,8
DA:175,7
DA:177,7
DA:186,7
DA:187,7
DA:189,7
DA:191,5
DA:192,5
DA:198,5
DA:204,5
DA:206,5
DA:211,6
LF:40
LH:40
BRDA:39,0,0,4
BRDA:39,0,1,3
BRDA:42,1,0,3
BRDA:42,1,1,1
BRDA:66,2,0,2
BRDA:66,2,1,18
BRDA:141,3,0,2
BRDA:141,3,1,3
BRDA:164,4,0,2
BRDA:164,4,1,6
BRDA:189,5,0,2
BRDA:189,5,1,5
BRDA:206,6,0,2
BRDA:206,6,1,3
BRF:14
BRH:14
end_of_record
TN:
SF:routes/_testCommon.js
FN:11,commonBeforeAll
FN:103,commonBeforeEach
FN:107,commonAfterEach
FN:111,commonAfterAll
FNF:4
FNH:4
FNDA:4,commonBeforeAll
FNDA:95,commonBeforeEach
FNDA:95,commonAfterEach
FNDA:4,commonAfterAll
DA:3,4
DA:4,4
DA:5,4
DA:6,4
DA:7,4
DA:9,4
DA:13,4
DA:15,4
DA:17,4
DA:25,4
DA:33,4
DA:42,4
DA:50,4
DA:58,4
DA:67,4
DA:74,4
DA:76,4
DA:83,4
DA:85,4
DA:92,4
DA:94,4
DA:100,4
DA:104,95
DA:108,95
DA:112,4
DA:116,4
DA:117,4
DA:120,4
LF:28
LH:28
BRF:0
BRH:0
end_of_record
TN:
SF:routes/auth.js
FN:22,(anonymous_0)
FN:29,(anonymous_1)
FN:49,(anonymous_2)
FN:56,(anonymous_3)
FNF:4
FNH:4
FNDA:5,(anonymous_0)
FNDA:2,(anonymous_1)
FNDA:3,(anonymous_2)
FNDA:5,(anonymous_3)
DA:5,5
DA:7,5
DA:8,5
DA:9,5
DA:10,5
DA:11,5
DA:12,5
DA:13,5
DA:22,5
DA:23,5
DA:28,5
DA:29,2
DA:30,2
DA:33,3
DA:34,3
DA:35,1
DA:36,1
DA:49,5
DA:50,3
DA:55,3
DA:56,5
DA:57,2
DA:60,1
DA:61,1
DA:62,1
DA:66,5
LF:26
LH:26
BRDA:28,0,0,2
BRDA:28,0,1,3
BRDA:55,1,0,2
BRDA:55,1,1,1
BRF:4
BRH:4
end_of_record
TN:
SF:routes/companies.js
FN:28,(anonymous_0)
FN:35,(anonymous_1)
FN:55,(anonymous_2)
FN:73,(anonymous_3)
FN:91,(anonymous_4)
FN:109,(anonymous_5)
FN:116,(anonymous_6)
FN:134,(anonymous_7)
FNF:8
FNH:8
FNDA:3,(anonymous_0)
FNDA:3,(anonymous_1)
FNDA:11,(anonymous_2)
FNDA:3,(anonymous_3)
FNDA:3,(anonymous_4)
FNDA:4,(anonymous_5)
FNDA:2,(anonymous_6)
FNDA:2,(anonymous_7)
DA:5,5
DA:6,5
DA:8,5
DA:9,5
DA:10,5
DA:12,5
DA:13,5
DA:14,5
DA:16,5
DA:28,5
DA:29,3
DA:34,3
DA:35,3
DA:36,2
DA:39,1
DA:40,1
DA:55,5
DA:57,11
DA:59,11
DA:60,5
DA:62,11
DA:63,5
DA:66,11
DA:72,11
DA:73,3
DA:74,3
DA:77,8
DA:79,8
DA:91,5
DA:92,3
DA:93,2
DA:109,5
DA:110,4
DA:115,4
DA:116,2
DA:117,2
DA:120,2
DA:121,1
DA:130,5
DA:135,2
DA:136,1
DA:140,5
LF:42
LH:42
BRDA:34,0,0,2
BRDA:34,0,1,1
BRDA:59,1,0,5
BRDA:59,1,1,6
BRDA:62,2,0,5
BRDA:62,2,1,6
BRDA:72,3,0,3
BRDA:72,3,1,8
BRDA:115,4,0,2
BRDA:115,4,1,2
BRF:10
BRH:10
end_of_record
TN:
SF:routes/jobs.js
FN:29,(anonymous_0)
FN:36,(anonymous_1)
FN:56,(anonymous_2)
FN:76,(anonymous_3)
FN:93,(anonymous_4)
FN:110,(anonymous_5)
FN:117,(anonymous_6)
FN:134,(anonymous_7)
FNF:8
FNH:8
FNDA:3,(anonymous_0)
FNDA:3,(anonymous_1)
FNDA:12,(anonymous_2)
FNDA:4,(anonymous_3)
FNDA:2,(anonymous_4)
FNDA:5,(anonymous_5)
FNDA:3,(anonymous_6)
FNDA:2,(anonymous_7)
DA:5,5
DA:6,5
DA:8,5
DA:9,5
DA:10,5
DA:12,5
DA:13,5
DA:14,5
DA:16,5
DA:29,5
DA:30,3
DA:35,3
DA:36,3
DA:37,2
DA:40,1
DA:41,1
DA:56,5
DA:57,12
DA:59,12
DA:60,5
DA:62,12
DA:63,3
DA:65,12
DA:66,1
DA:69,12
DA:75,12
DA:76,4
DA:77,4
DA:80,8
DA:82,8
DA:93,5
DA:94,2
DA:95,1
DA:110,5
DA:111,5
DA:116,5
DA:117,3
DA:118,3
DA:121,2
DA:122,1
DA:130,5
DA:135,2
DA:136,1
DA:140,5
LF:44
LH:44
BRDA:35,0,0,2
BRDA:35,0,1,1
BRDA:59,1,0,5
BRDA:59,1,1,7
BRDA:62,2,0,3
BRDA:62,2,1,9
BRDA:65,3,0,1
BRDA:65,3,1,11
BRDA:75,4,0,4
BRDA:75,4,1,8
BRDA:116,5,0,3
BRDA:116,5,1,2
BRF:12
BRH:12
end_of_record
TN:
SF:routes/users.js
FN:35,(anonymous_0)
FN:42,(anonymous_1)
FN:59,(anonymous_2)
FN:76,(anonymous_3)
FN:96,(anonymous_4)
FN:103,(anonymous_5)
FN:121,(anonymous_6)
FNF:7
FNH:7
FNDA:5,(anonymous_0)
FNDA:5,(anonymous_1)
FNDA:1,(anonymous_2)
FNDA:3,(anonymous_3)
FNDA:6,(anonymous_4)
FNDA:2,(anonymous_5)
FNDA:3,(anonymous_6)
DA:5,5
DA:7,5
DA:13,5
DA:14,5
DA:15,5
DA:16,5
DA:17,5
DA:18,5
DA:20,5
DA:35,5
DA:36,5
DA:41,5
DA:42,5
DA:43,2
DA:46,3
DA:47,2
DA:48,2
DA:59,5
DA:60,1
DA:61,1
DA:72,5
DA:77,3
DA:78,2
DA:92,5
DA:97,6
DA:102,6
DA:103,2
DA:104,2
DA:107,4
DA:108,3
DA:117,5
DA:122,3
DA:123,2
DA:127,5
LF:34
LH:34
BRDA:41,0,0,2
BRDA:41,0,1,3
BRDA:102,1,0,2
BRDA:102,1,1,4
BRF:4
BRH:4
end_of_record
