TN:
SF:app.js
FN:30,(anonymous_0)
FN:35,(anonymous_1)
FNF:2
FNH:2
FNDA:2,(anonymous_0)
FNDA:40,(anonymous_1)
DA:5,4
DA:6,4
DA:8,4
DA:10,4
DA:11,4
DA:12,4
DA:13,4
DA:15,4
DA:17,4
DA:19,4
DA:20,4
DA:21,4
DA:22,4
DA:24,4
DA:25,4
DA:26,4
DA:30,4
DA:31,2
DA:35,4
DA:36,40
DA:39,40
DA:41,40
DA:46,4
LF:23
LH:23
BRDA:36,0,0,1
BRDA:36,0,1,39
BRF:2
BRH:2
end_of_record
TN:
SF:config.js
FN:13,getDatabaseUri
FNF:1
FNH:1
FNDA:10,getDatabaseUri
DA:5,9
DA:6,9
DA:8,9
DA:10,9
DA:14,10
DA:21,9
DA:23,9
DA:24,1
DA:34,9
LF:9
LH:9
BRDA:8,0,0,9
BRDA:8,0,1,8
BRDA:10,1,0,9
BRDA:10,1,1,8
BRDA:14,2,0,7
BRDA:14,2,1,3
BRDA:16,3,0,3
BRDA:16,3,1,1
BRDA:21,4,0,8
BRDA:21,4,1,1
BRDA:23,5,0,1
BRDA:23,5,1,8
BRF:12
BRH:12
end_of_record
TN:
SF:db.js
FN:14,connectDb
FNF:1
FNH:1
FNDA:6,connectDb
DA:5,6
DA:6,6
DA:8,6
DA:10,6
DA:16,6
DA:17,6
DA:18,6
DA:19,6
DA:25,6
DA:27,6
LF:10
LH:10
BRF:0
BRH:0
end_of_record
TN:
SF:expressError.js
FN:10,(anonymous_0)
FN:20,(anonymous_1)
FN:28,(anonymous_2)
FN:36,(anonymous_3)
FN:44,(anonymous_4)
FNF:5
FNH:4
FNDA:61,(anonymous_0)
FNDA:14,(anonymous_1)
FNDA:26,(anonymous_2)
FNDA:21,(anonymous_3)
FNDA:0,(anonymous_4)
DA:11,61
DA:12,61
DA:13,61
DA:21,14
DA:29,26
DA:37,21
DA:45,0
DA:49,8
LF:8
LH:7
BRDA:20,0,0,2
BRDA:28,1,0,22
BRDA:36,2,0,0
BRDA:44,3,0,0
BRF:4
BRH:2
end_of_record
TN:
SF:helpers/sql.js
FN:27,sqlForPartialUpdate
FN:32,(anonymous_1)
FNF:2
FNH:2
FNDA:17,sqlForPartialUpdate
FNDA:30,(anonymous_1)
DA:3,7
DA:28,17
DA:29,17
DA:32,14
DA:33,30
DA:36,14
DA:45,7
LF:7
LH:7
BRDA:29,0,0,3
BRDA:29,0,1,14
BRDA:33,1,0,30
BRDA:33,1,1,14
BRF:4
BRH:4
end_of_record
TN:
SF:helpers/tokens.js
FN:8,createToken
FNF:1
FNH:1
FNDA:13,createToken
DA:3,5
DA:4,5
DA:9,13
DA:14,13
DA:17,5
LF:5
LH:5
BRF:0
BRH:0
end_of_record
TN:
SF:middleware/auth.js
FN:18,authenticateJWT
FN:38,ensureLoggedIn
FN:49,ensureAdmin
FN:56,ensureCorrectUserOrAdmin
FNF:4
FNH:4
FNDA:68,authenticateJWT
FNDA:44,ensureLoggedIn
FNDA:24,ensureAdmin
FNDA:16,ensureCorrectUserOrAdmin
DA:5,5
DA:6,5
DA:7,5
DA:19,68
DA:20,68
DA:21,35
DA:23,35
DA:24,35
DA:29,68
DA:39,44
DA:40,10
DA:50,24
DA:51,9
DA:57,16
DA:59,16
DA:60,16
DA:62,16
DA:63,3
DA:66,13
DA:69,5
LF:20
LH:20
BRDA:20,0,0,35
BRDA:20,0,1,33
BRDA:39,1,0,34
BRDA:39,1,1,10
BRDA:50,2,0,15
BRDA:50,2,1,9
BRDA:62,3,0,3
BRDA:62,3,1,13
BRDA:62,4,0,16
BRDA:62,4,1,7
BRF:10
BRH:10
end_of_record
TN:
SF:models/_testCommon.js
FN:8,commonBeforeAll
FN:34,commonBeforeEach
FN:38,commonAfterEach
FN:42,commonAfterAll
FNF:4
FNH:4
FNDA:2,commonBeforeAll
FNDA:34,commonBeforeEach
FNDA:34,commonAfterEach
FNDA:2,commonAfterAll
DA:3,2
DA:5,2
DA:6,2
DA:10,2
DA:12,2
DA:14,2
DA:20,2
DA:35,34
DA:39,34
DA:43,2
DA:47,2
LF:11
LH:11
BRF:0
BRH:0
end_of_record
TN:
SF:models/company.js
FN:25,(anonymous_0)
FN:67,(anonymous_1)
FN:91,(anonymous_2)
FN:120,(anonymous_3)
FN:152,(anonymous_4)
FN:176,(anonymous_5)
FN:190,(anonymous_6)
FNF:7
FNH:7
FNDA:13,(anonymous_0)
FNDA:12,(anonymous_1)
FNDA:5,(anonymous_2)
FNDA:6,(anonymous_3)
FNDA:4,(anonymous_4)
FNDA:17,(anonymous_5)
FNDA:22,(anonymous_6)
DA:3,5
DA:4,5
DA:5,5
DA:7,5
DA:26,13
DA:31,13
DA:32,1
DA:34,12
DA:54,12
DA:56,12
DA:68,12
DA:70,11
DA:80,11
DA:92,5
DA:101,5
DA:103,5
DA:105,3
DA:121,6
DA:127,5
DA:129,5
DA:139,5
DA:140,5
DA:142,5
DA:144,3
DA:153,4
DA:158,4
DA:160,4
DA:177,17
DA:179,17
DA:180,3
DA:186,14
DA:187,2
DA:190,12
DA:191,22
DA:192,22
DA:193,8
DA:195,14
DA:200,12
DA:208,5
LF:39
LH:39
BRDA:31,0,0,1
BRDA:31,0,1,12
BRDA:103,1,0,2
BRDA:103,1,1,3
BRDA:142,2,0,2
BRDA:142,2,1,3
BRDA:160,3,0,2
BRDA:160,3,1,2
BRDA:177,4,0,16
BRDA:177,4,1,1
BRDA:179,5,0,3
BRDA:179,5,1,14
BRDA:186,6,0,2
BRDA:186,6,1,12
BRDA:191,7,0,22
BRDA:191,7,1,0
BRDA:192,8,0,8
BRDA:192,8,1,14
BRF:18
BRH:17
end_of_record
TN:
SF:models/user.js
FN:24,(anonymous_0)
FN:58,(anonymous_1)
FN:106,(anonymous_2)
FN:128,(anonymous_3)
FN:163,(anonymous_4)
FN:197,(anonymous_5)
FNF:6
FNH:6
FNDA:7,(anonymous_0)
FNDA:16,(anonymous_1)
FNDA:2,(anonymous_2)
FNDA:5,(anonymous_3)
FNDA:8,(anonymous_4)
FNDA:5,(anonymous_5)
DA:3,5
DA:4,5
DA:5,5
DA:10,5
DA:12,5
DA:26,7
DA:37,7
DA:39,7
DA:41,4
DA:42,4
DA:43,3
DA:44,3
DA:48,4
DA:60,16
DA:66,16
DA:67,1
DA:70,15
DA:72,15
DA:96,15
DA:98,15
DA:107,2
DA:117,2
DA:129,5
DA:139,5
DA:141,5
DA:143,3
DA:164,8
DA:165,2
DA:168,8
DA:175,7
DA:177,7
DA:186,7
DA:187,7
DA:189,7
DA:191,5
DA:192,5
DA:198,5
DA:204,5
DA:206,5
DA:211,5
LF:40
LH:40
BRDA:39,0,0,4
BRDA:39,0,1,3
BRDA:42,1,0,3
BRDA:42,1,1,1
BRDA:66,2,0,1
BRDA:66,2,1,15
BRDA:141,3,0,2
BRDA:141,3,1,3
BRDA:164,4,0,2
BRDA:164,4,1,6
BRDA:189,5,0,2
BRDA:189,5,1,5
BRDA:206,6,0,2
BRDA:206,6,1,3
BRF:14
BRH:14
end_of_record
TN:
SF:routes/_testCommon.js
FN:8,commonBeforeAll
FN:65,commonBeforeEach
FN:69,commonAfterEach
FN:73,commonAfterAll
FNF:4
FNH:4
FNDA:3,commonBeforeAll
FNDA:63,commonBeforeEach
FNDA:63,commonAfterEach
FNDA:3,commonAfterAll
DA:3,3
DA:4,3
DA:5,3
DA:6,3
DA:10,3
DA:12,3
DA:14,3
DA:22,3
DA:30,3
DA:39,3
DA:47,3
DA:55,3
DA:66,63
DA:70,63
DA:74,3
DA:78,3
DA:79,3
DA:82,3
LF:18
LH:18
BRF:0
BRH:0
end_of_record
TN:
SF:routes/auth.js
FN:22,(anonymous_0)
FN:29,(anonymous_1)
FN:49,(anonymous_2)
FN:56,(anonymous_3)
FNF:4
FNH:4
FNDA:5,(anonymous_0)
FNDA:2,(anonymous_1)
FNDA:3,(anonymous_2)
FNDA:5,(anonymous_3)
DA:5,4
DA:7,4
DA:8,4
DA:9,4
DA:10,4
DA:11,4
DA:12,4
DA:13,4
DA:22,4
DA:23,5
DA:28,5
DA:29,2
DA:30,2
DA:33,3
DA:34,3
DA:35,1
DA:36,1
DA:49,4
DA:50,3
DA:55,3
DA:56,5
DA:57,2
DA:60,1
DA:61,1
DA:62,1
DA:66,4
LF:26
LH:26
BRDA:28,0,0,2
BRDA:28,0,1,3
BRDA:55,1,0,2
BRDA:55,1,1,1
BRF:4
BRH:4
end_of_record
TN:
SF:routes/companies.js
FN:28,(anonymous_0)
FN:35,(anonymous_1)
FN:54,(anonymous_2)
FN:72,(anonymous_3)
FN:89,(anonymous_4)
FN:105,(anonymous_5)
FN:112,(anonymous_6)
FN:125,(anonymous_7)
FNF:8
FNH:8
FNDA:3,(anonymous_0)
FNDA:3,(anonymous_1)
FNDA:11,(anonymous_2)
FNDA:3,(anonymous_3)
FNDA:3,(anonymous_4)
FNDA:4,(anonymous_5)
FNDA:2,(anonymous_6)
FNDA:2,(anonymous_7)
DA:5,4
DA:6,4
DA:8,4
DA:9,4
DA:10,4
DA:12,4
DA:13,4
DA:14,4
DA:16,4
DA:28,4
DA:29,3
DA:34,3
DA:35,3
DA:36,2
DA:39,1
DA:40,1
DA:54,4
DA:56,11
DA:58,11
DA:59,5
DA:61,11
DA:62,5
DA:65,11
DA:71,11
DA:72,3
DA:73,3
DA:76,8
DA:78,8
DA:89,4
DA:90,3
DA:91,2
DA:105,4
DA:106,4
DA:111,4
DA:112,2
DA:113,2
DA:116,2
DA:117,1
DA:125,4
DA:126,2
DA:127,1
DA:131,4
LF:42
LH:42
BRDA:34,0,0,2
BRDA:34,0,1,1
BRDA:58,1,0,5
BRDA:58,1,1,6
BRDA:61,2,0,5
BRDA:61,2,1,6
BRDA:71,3,0,3
BRDA:71,3,1,8
BRDA:111,4,0,2
BRDA:111,4,1,2
BRF:10
BRH:10
end_of_record
TN:
SF:routes/users.js
FN:35,(anonymous_0)
FN:42,(anonymous_1)
FN:59,(anonymous_2)
FN:76,(anonymous_3)
FN:96,(anonymous_4)
FN:103,(anonymous_5)
FN:121,(anonymous_6)
FNF:7
FNH:7
FNDA:4,(anonymous_0)
FNDA:5,(anonymous_1)
FNDA:1,(anonymous_2)
FNDA:3,(anonymous_3)
FNDA:5,(anonymous_4)
FNDA:1,(anonymous_5)
FNDA:3,(anonymous_6)
DA:5,4
DA:7,4
DA:13,4
DA:14,4
DA:15,4
DA:16,4
DA:17,4
DA:18,4
DA:20,4
DA:35,4
DA:36,4
DA:41,4
DA:42,5
DA:43,2
DA:46,2
DA:47,2
DA:48,2
DA:59,4
DA:60,1
DA:61,1
DA:72,4
DA:77,3
DA:78,2
DA:92,4
DA:97,5
DA:102,5
DA:103,1
DA:104,1
DA:107,4
DA:108,3
DA:117,4
DA:122,3
DA:123,2
DA:127,4
LF:34
LH:34
BRDA:41,0,0,2
BRDA:41,0,1,2
BRDA:102,1,0,1
BRDA:102,1,1,4
BRF:4
BRH:4
end_of_record
